QE CONVERGE 

READ INPUT 
========== 
Input files 
Input:      input.in
Template:   pdfcc.in

Ecut 
c_force_units:   RY/BOHR
c_force:   1e-05
c_force_pw:   1e-05
c_energy_units:   ry
c_energy:   1e-06
c_energy_pw:   1e-06
run:   True
wfc_units:   RY
rho_units:   BOHR-3
wfc_min:   70
wfc_max:   200
wfc_inc:   5
wfc_dec:   1
rho_dec:   5
wfc_min_pw:   70.0
wfc_max_pw:   200.0
wfc_inc_pw:   5.0
wfc_dec_pw:   1.0
rho_dec_pw:   5.0
wr_min_ratio:   2.0
kpoints_type:   automatic
kpoints_val:   3 3 3 1 1 1
type:   fcc
size:   1
alat:   3.89
alat_units:   ang
alat_pw:   7.3521
alat_expanded_pw:   7.3521
cp:   [ 1.  1.  1.  0.  0.  0.]
rand_variance:   0.01
rand_seed:   0
data:   [[ 0.  0.  0. ...,  0.  0.  0.]
 [ 0.  0.  0. ...,  0.  0.  0.]
 [ 0.  0.  0. ...,  0.  0.  0.]
 ..., 
 [ 0.  0.  0. ...,  0.  0.  0.]
 [ 0.  0.  0. ...,  0.  0.  0.]
 [ 0.  0.  0. ...,  0.  0.  0.]]
data_relative:   [[ 0.  0.  0. ...,  0.  0.  0.]
 [ 0.  0.  0. ...,  0.  0.  0.]
 [ 0.  0.  0. ...,  0.  0.  0.]
 ..., 
 [ 0.  0.  0. ...,  0.  0.  0.]
 [ 0.  0.  0. ...,  0.  0.  0.]
 [ 0.  0.  0. ...,  0.  0.  0.]]
data_ev:   [[ 0.  0.  0. ...,  0.  0.  0.]
 [ 0.  0.  0. ...,  0.  0.  0.]
 [ 0.  0.  0. ...,  0.  0.  0.]
 ..., 
 [ 0.  0.  0. ...,  0.  0.  0.]
 [ 0.  0.  0. ...,  0.  0.  0.]
 [ 0.  0.  0. ...,  0.  0.  0.]]
data_len:   [0 0 0]
ecutwfc_converged_pw:   None
ecutrho_converged_pw:   None

Ecut 2D 
run:   True
wfc_units:   RY
rho_units:   BOHR-3
wfc_min:   70
wfc_max:   140
wfc_inc:   10
rho_min:   2.0
rho_max:   4.0
rho_inc:   0.25
wfc_min_pw:   70.0
wfc_max_pw:   140.0
wfc_inc_pw:   10.0
rho_min_pw:   2.0
rho_max_pw:   4.0
rho_inc_pw:   0.25
wr_min_ratio:   2.0
energy_ry:   [[ 0.  0.  0. ...,  0.  0.  0.]
 [ 0.  0.  0. ...,  0.  0.  0.]
 [ 0.  0.  0. ...,  0.  0.  0.]
 ..., 
 [ 0.  0.  0. ...,  0.  0.  0.]
 [ 0.  0.  0. ...,  0.  0.  0.]
 [ 0.  0.  0. ...,  0.  0.  0.]]
force_rybohr:   [[ 0.  0.  0. ...,  0.  0.  0.]
 [ 0.  0.  0. ...,  0.  0.  0.]
 [ 0.  0.  0. ...,  0.  0.  0.]
 ..., 
 [ 0.  0.  0. ...,  0.  0.  0.]
 [ 0.  0.  0. ...,  0.  0.  0.]
 [ 0.  0.  0. ...,  0.  0.  0.]]
energy_ev:   [[ 0.  0.  0. ...,  0.  0.  0.]
 [ 0.  0.  0. ...,  0.  0.  0.]
 [ 0.  0.  0. ...,  0.  0.  0.]
 ..., 
 [ 0.  0.  0. ...,  0.  0.  0.]
 [ 0.  0.  0. ...,  0.  0.  0.]
 [ 0.  0.  0. ...,  0.  0.  0.]]
force_evang:   [[ 0.  0.  0. ...,  0.  0.  0.]
 [ 0.  0.  0. ...,  0.  0.  0.]
 [ 0.  0.  0. ...,  0.  0.  0.]
 ..., 
 [ 0.  0.  0. ...,  0.  0.  0.]
 [ 0.  0.  0. ...,  0.  0.  0.]
 [ 0.  0.  0. ...,  0.  0.  0.]]
data_w:   0
data_h:   0

Kpoint
ecutwfc:   None
ecutrho:   None
run:   True
k_min:   3
k_max:   11
k_inc:   1
k_type:   automatic
k_offset:   [1, 1, 1]
smearing:   [0.01, 0.02, 0.03, 0.04, 0.05]
smearing_pw:   [0.01, 0.02, 0.03, 0.04, 0.05]
smearing_units:   RY
type:   fcc
size:   1
alat:   3.89
alat_units:   ang
alat_pw:   7.3521
alat_expanded_pw:   7.3521
cp:   [ 1.  1.  1.  0.  0.  0.]
rand_variance:   0.01
rand_seed:   0
energy_ry:   [[ 0.  0.  0. ...,  0.  0.  0.]
 [ 0.  0.  0. ...,  0.  0.  0.]
 [ 0.  0.  0. ...,  0.  0.  0.]
 ..., 
 [ 0.  0.  0. ...,  0.  0.  0.]
 [ 0.  0.  0. ...,  0.  0.  0.]
 [ 0.  0.  0. ...,  0.  0.  0.]]
force_rybohr:   [[ 0.  0.  0. ...,  0.  0.  0.]
 [ 0.  0.  0. ...,  0.  0.  0.]
 [ 0.  0.  0. ...,  0.  0.  0.]
 ..., 
 [ 0.  0.  0. ...,  0.  0.  0.]
 [ 0.  0.  0. ...,  0.  0.  0.]
 [ 0.  0.  0. ...,  0.  0.  0.]]
energy_ev:   [[ 0.  0.  0. ...,  0.  0.  0.]
 [ 0.  0.  0. ...,  0.  0.  0.]
 [ 0.  0.  0. ...,  0.  0.  0.]
 ..., 
 [ 0.  0.  0. ...,  0.  0.  0.]
 [ 0.  0.  0. ...,  0.  0.  0.]
 [ 0.  0.  0. ...,  0.  0.  0.]]
force_evang:   [[ 0.  0.  0. ...,  0.  0.  0.]
 [ 0.  0.  0. ...,  0.  0.  0.]
 [ 0.  0.  0. ...,  0.  0.  0.]
 ..., 
 [ 0.  0.  0. ...,  0.  0.  0.]
 [ 0.  0.  0. ...,  0.  0.  0.]
 [ 0.  0.  0. ...,  0.  0.  0.]]
data_w:   0
data_h:   0

CONVERGE ECUT 
============= 
1. INCREASE ECUTWFC 
econv_threshold: 4.9999999999999996e-06 
fconv_threshold: 5e-05 
Data: 
INC WFC 1    0    70.0      280.0     -512.027135727   0.000373         None             None             None None
INC WFC 2    0    75.0      300.0     -512.027969815   0.00037          0.00083409       3e-06            70.0 None
INC WFC 3    0    80.0      320.0     -512.028624928   0.00037075       0.00065511       7.5e-07          75.0 None
INC WFC 4    0    85.0      340.0     -512.02906292    0.000371         0.00043799       2.5e-07          80.0 None
INC WFC 5    0    90.0      360.0     -512.029333      0.0003645        0.00027008       6.5e-06          85.0 None
INC WFC 6    0    95.0      380.0     -512.02950213    0.00036325       0.00016913       1.25e-06         90.0 None
INC WFC 7    0    100.0     400.0     -512.02960217    0.00034825       0.00010004       1.5e-05          95.0 None
INC WFC 8    0    105.0     420.0     -512.02969279    0.00034875       9.062e-05        5e-07            100.0 None
INC WFC 9    0    110.0     440.0     -512.029760812   0.00035175       6.802e-05        3e-06            105.0 None
INC WFC 10   0    115.0     460.0     -512.02982503    0.00036075       6.422e-05        9e-06            110.0 None
INC WFC 11   0    120.0     480.0     -512.029875785   0.00036125       5.075e-05        5e-07            115.0 None
INC WFC 12   0    125.0     500.0     -512.029932047   0.00036175       5.626e-05        5e-07            120.0 None
INC WFC 13   0    130.0     520.0     -512.029990002   0.00036125       5.795e-05        5e-07            125.0 None
INC WFC 14   0    135.0     540.0     -512.030045253   0.00035775       5.525e-05        3.5e-06          130.0 None
INC WFC 15   0    140.0     560.0     -512.030097707   0.000358         5.245e-05        2.5e-07          135.0 None
INC WFC 16   0    145.0     580.0     -512.030138983   0.0003585        4.128e-05        5e-07            140.0 None
INC WFC 17   0    150.0     600.0     -512.03016675    0.00035825       2.777e-05        2.5e-07          145.0 None
INC WFC 18   0    155.0     620.0     -512.030183273   0.00035775       1.652e-05        5e-07            150.0 None
INC WFC 19   0    160.0     640.0     -512.03019123    0.0003575        7.96e-06         2.5e-07          155.0 None
INC WFC 20   1    165.0     660.0     -512.030193183   0.000357         1.95e-06         5e-07            160.0 None
INC WFC 21   2    170.0     680.0     -512.03019586    0.00035625       2.68e-06         7.5e-07          165.0 None
Ecutwfc: 165.0 
Ecutrho: 660.0 
2. DECREASE ECUTRHO 
econv_threshold: 4.9999999999999996e-06 
fconv_threshold: 5e-05 
Data: 
DEC RHO 1    2    165.0     660.0     -512.030193183   0.000357         None             None             165.0 660.0
DEC RHO 2    2    165.0     655.0     -512.030194305   0.00035825       1.12e-06         1.25e-06         165.0 660.0
DEC RHO 3    2    165.0     650.0     -512.030194315   0.00035825       1e-08            0.0              165.0 655.0
DEC RHO 4    2    165.0     645.0     -512.03019431    0.00035825       1e-08            0.0              165.0 650.0
DEC RHO 5    2    165.0     640.0     -512.030194307   0.00035825       0.0              0.0              165.0 645.0
DEC RHO 6    2    165.0     635.0     -512.030194307   0.00035825       0.0              0.0              165.0 640.0
DEC RHO 7    2    165.0     630.0     -512.030194297   0.00035825       1e-08            0.0              165.0 635.0
DEC RHO 8    2    165.0     625.0     -512.03019429    0.00035825       1e-08            0.0              165.0 630.0
DEC RHO 9    2    165.0     620.0     -512.03019427    0.00035825       2e-08            0.0              165.0 625.0
DEC RHO 10   2    165.0     615.0     -512.030194252   0.00035825       2e-08            0.0              165.0 620.0
DEC RHO 11   2    165.0     610.0     -512.03019423    0.00035825       2e-08            0.0              165.0 615.0
DEC RHO 12   2    165.0     605.0     -512.03019422    0.00035825       1e-08            0.0              165.0 610.0
DEC RHO 13   2    165.0     600.0     -512.030194198   0.00035825       2e-08            0.0              165.0 605.0
DEC RHO 14   2    165.0     595.0     -512.030194183   0.00035825       1e-08            0.0              165.0 600.0
DEC RHO 15   2    165.0     590.0     -512.03019418    0.00035825       0.0              0.0              165.0 595.0
DEC RHO 16   2    165.0     585.0     -512.03019419    0.00035825       1e-08            0.0              165.0 590.0
DEC RHO 17   2    165.0     580.0     -512.030194205   0.00035825       2e-08            0.0              165.0 585.0
DEC RHO 18   2    165.0     575.0     -512.030194245   0.00035825       4e-08            0.0              165.0 580.0
DEC RHO 19   2    165.0     570.0     -512.030194277   0.00035825       3e-08            0.0              165.0 575.0
DEC RHO 20   2    165.0     565.0     -512.030194433   0.00035825       1.6e-07          0.0              165.0 570.0
DEC RHO 21   2    165.0     560.0     -512.030194508   0.00035825       8e-08            0.0              165.0 565.0
DEC RHO 22   2    165.0     555.0     -512.030194575   0.00035825       7e-08            0.0              165.0 560.0
DEC RHO 23   2    165.0     550.0     -512.03019487    0.00035825       2.9e-07          0.0              165.0 555.0
DEC RHO 24   2    165.0     545.0     -512.03019512    0.00035825       2.5e-07          0.0              165.0 550.0
DEC RHO 25   2    165.0     540.0     -512.030195402   0.00035825       2.8e-07          0.0              165.0 545.0
DEC RHO 26   2    165.0     535.0     -512.03019556    0.00035825       1.6e-07          0.0              165.0 540.0
DEC RHO 27   2    165.0     530.0     -512.030200232   0.0003625        4.67e-06         4.25e-06         165.0 535.0
DEC RHO 28   2    165.0     525.0     -512.030200623   0.0003625        3.9e-07          0.0              165.0 530.0
DEC RHO 29   2    165.0     520.0     -512.030201207   0.0003625        5.8e-07          0.0              165.0 525.0
DEC RHO 30   2    165.0     515.0     -512.030201555   0.0003625        3.5e-07          0.0              165.0 520.0
DEC RHO 31   2    165.0     510.0     -512.030201905   0.0003625        3.5e-07          0.0              165.0 515.0
DEC RHO 32   2    165.0     505.0     -512.030202717   0.00036275       8.1e-07          2.5e-07          165.0 510.0
DEC RHO 33   2    165.0     500.0     -512.030202783   0.0003625        7e-08            2.5e-07          165.0 505.0
DEC RHO 34   2    165.0     495.0     -512.03020348    0.00036275       7e-07            2.5e-07          165.0 500.0
DEC RHO 35   2    165.0     490.0     -512.03020374    0.00036275       2.6e-07          0.0              165.0 495.0
DEC RHO 36   2    165.0     485.0     -512.030203848   0.0003625        1.1e-07          2.5e-07          165.0 490.0
DEC RHO 37   2    165.0     480.0     -512.030203995   0.00036275       1.5e-07          2.5e-07          165.0 485.0
DEC RHO 38   2    165.0     475.0     -512.03020394    0.0003625        5e-08            2.5e-07          165.0 480.0
DEC RHO 39   2    165.0     470.0     -512.03020382    0.0003625        1.2e-07          0.0              165.0 475.0
DEC RHO 40   2    165.0     465.0     -512.030203655   0.0003625        1.6e-07          0.0              165.0 470.0
DEC RHO 41   2    165.0     460.0     -512.03020326    0.0003625        4e-07            0.0              165.0 465.0
DEC RHO 42   2    165.0     455.0     -512.030192222   0.0003535        1.104e-05        9e-06            165.0 460.0
Ecutwfc: 165.0 
Ecutrho: 460.0 
3. DECREASE ECUTWFC 
econv_threshold: 1e-06 
fconv_threshold: 1e-05 
Data: 
DEC WFC 1    2    165.0     460.0     -512.03020326    0.0003625        None             None             165.0 460.0
DEC WFC 2    2    164.0     460.0     -512.030202812   0.00036175       4.5e-07          7.5e-07          165.0 460.0
DEC WFC 3    2    163.0     460.0     -512.030202287   0.00036225       5.3e-07          5e-07            164.0 460.0
DEC WFC 4    2    162.0     460.0     -512.030201773   0.000362         5.1e-07          2.5e-07          163.0 460.0
DEC WFC 5    2    161.0     460.0     -512.030200968   0.000362         8.1e-07          0.0              162.0 460.0
DEC WFC 6    2    160.0     460.0     -512.030200187   0.0003615        7.8e-07          5e-07            161.0 460.0
DEC WFC 7    2    159.0     460.0     -512.03019925    0.00036225       9.4e-07          7.5e-07          160.0 460.0
DEC WFC 8    2    158.0     460.0     -512.030197948   0.0003615        1.3e-06          7.5e-07          159.0 460.0
DEC WFC 9    2    157.0     460.0     -512.030196177   0.00036175       1.77e-06         2.5e-07          158.0 460.0
DEC WFC 10   2    156.0     460.0     -512.030194267   0.00036275       1.91e-06         1e-06            157.0 460.0
DEC WFC 11   2    155.0     460.0     -512.030192277   0.00036175       1.99e-06         1e-06            156.0 460.0
DEC WFC 12   2    154.0     460.0     -512.030189697   0.000362         2.58e-06         2.5e-07          155.0 460.0
DEC WFC 13   2    153.0     460.0     -512.03018751    0.000362         2.19e-06         0.0              154.0 460.0
DEC WFC 14   2    152.0     460.0     -512.030183788   0.00036125       3.72e-06         7.5e-07          153.0 460.0
DEC WFC 15   2    151.0     460.0     -512.03017958    0.0003615        4.21e-06         2.5e-07          152.0 460.0
DEC WFC 16   2    150.0     460.0     -512.030175823   0.00036225       3.76e-06         7.5e-07          151.0 460.0
DEC WFC 17   2    149.0     460.0     -512.030171227   0.0003615        4.6e-06          7.5e-07          150.0 460.0
DEC WFC 18   2    148.0     460.0     -512.030165743   0.00036175       5.48e-06         2.5e-07          149.0 460.0
DEC WFC 19   2    147.0     460.0     -512.03015986    0.000362         5.88e-06         2.5e-07          148.0 460.0
DEC WFC 20   2    146.0     460.0     -512.030153907   0.0003635        5.95e-06         1.5e-06          147.0 460.0
DEC WFC 21   2    145.0     460.0     -512.030148025   0.00036275       5.88e-06         7.5e-07          146.0 460.0
DEC WFC 22   2    144.0     460.0     -512.030140508   0.00036175       7.52e-06         1e-06            145.0 460.0
DEC WFC 23   2    143.0     460.0     -512.03013213    0.00036175       8.38e-06         0.0              144.0 460.0
DEC WFC 24   2    142.0     460.0     -512.030123507   0.0003615        8.62e-06         2.5e-07          143.0 460.0
DEC WFC 25   2    141.0     460.0     -512.03011507    0.00036225       8.44e-06         7.5e-07          142.0 460.0
DEC WFC 26   2    140.0     460.0     -512.030106402   0.00036225       8.67e-06         0.0              141.0 460.0
DEC WFC 27   2    139.0     460.0     -512.030096535   0.000361         9.87e-06         1.25e-06         140.0 460.0
DEC WFC 28   2    138.0     460.0     -512.030085298   0.00036125       1.124e-05        2.5e-07          139.0 460.0
DEC WFC 29   2    137.0     460.0     -512.030074825   0.000362         1.047e-05        7.5e-07          138.0 460.0
DEC WFC 30   2    136.0     460.0     -512.030063573   0.000362         1.125e-05        0.0              137.0 460.0
DEC WFC 31   2    135.0     460.0     -512.030052993   0.00036175       1.058e-05        2.5e-07          136.0 460.0
DEC WFC 32   2    134.0     460.0     -512.030040852   0.0003625        1.214e-05        7.5e-07          135.0 460.0
DEC WFC 33   2    133.0     460.0     -512.030029363   0.00036075       1.149e-05        1.75e-06         134.0 460.0
DEC WFC 34   2    132.0     460.0     -512.030016305   0.00036175       1.306e-05        1e-06            133.0 460.0
DEC WFC 35   2    131.0     460.0     -512.030004427   0.000362         1.188e-05        2.5e-07          132.0 460.0
DEC WFC 36   2    130.0     460.0     -512.029992107   0.00036125       1.232e-05        7.5e-07          131.0 460.0
DEC WFC 37   2    129.0     460.0     -512.02998118    0.00036225       1.093e-05        1e-06            130.0 460.0
DEC WFC 38   2    128.0     460.0     -512.029969863   0.00036225       1.132e-05        0.0              129.0 460.0
DEC WFC 39   2    127.0     460.0     -512.02995567    0.0003615        1.419e-05        7.5e-07          128.0 460.0
DEC WFC 40   2    126.0     460.0     -512.02994379    0.00036275       1.188e-05        1.25e-06         127.0 460.0
DEC WFC 41   2    125.0     460.0     -512.02993258    0.00036175       1.121e-05        1e-06            126.0 460.0
DEC WFC 42   2    124.0     460.0     -512.029921482   0.0003615        1.11e-05         2.5e-07          125.0 460.0
DEC WFC 43   2    123.0     460.0     -512.02990964    0.0003615        1.184e-05        0.0              124.0 460.0
DEC WFC 44   2    122.0     460.0     -512.029898602   0.000361         1.104e-05        5e-07            123.0 460.0
DEC WFC 45   2    121.0     460.0     -512.029888362   0.00036275       1.024e-05        1.75e-06         122.0 460.0
DEC WFC 46   2    120.0     460.0     -512.029875095   0.00036125       1.327e-05        1.5e-06          121.0 460.0
DEC WFC 47   2    119.0     460.0     -512.02986579    0.000362         9.3e-06          7.5e-07          120.0 460.0
DEC WFC 48   2    118.0     460.0     -512.029855055   0.000361         1.074e-05        1e-06            119.0 460.0
DEC WFC 49   2    117.0     460.0     -512.029844518   0.000362         1.054e-05        1e-06            118.0 460.0
DEC WFC 50   2    116.0     460.0     -512.029835958   0.0003605        8.56e-06         1.5e-06          117.0 460.0
DEC WFC 51   2    115.0     460.0     -512.02982503    0.00036075       1.093e-05        2.5e-07          116.0 460.0
DEC WFC 52   2    114.0     460.0     -512.029815328   0.00036225       9.7e-06          1.5e-06          115.0 460.0
DEC WFC 53   2    113.0     460.0     -512.029804065   0.000361         1.126e-05        1.25e-06         114.0 460.0
DEC WFC 54   2    112.0     460.0     -512.029795102   0.0003615        8.96e-06         5e-07            113.0 460.0
DEC WFC 55   2    111.0     460.0     -512.029784675   0.0003615        1.043e-05        0.0              112.0 460.0
DEC WFC 56   2    110.0     460.0     -512.029773537   0.000361         1.114e-05        5e-07            111.0 460.0
DEC WFC 57   2    109.0     460.0     -512.02976182    0.0003615        1.172e-05        5e-07            110.0 460.0
DEC WFC 58   2    108.0     460.0     -512.02974992    0.00036175       1.19e-05         2.5e-07          109.0 460.0
DEC WFC 59   2    107.0     460.0     -512.029736277   0.00036225       1.364e-05        5e-07            108.0 460.0
DEC WFC 60   2    106.0     460.0     -512.029723965   0.00036175       1.231e-05        5e-07            107.0 460.0
DEC WFC 61   2    105.0     460.0     -512.02971019    0.0003625        1.378e-05        7.5e-07          106.0 460.0
DEC WFC 62   2    104.0     460.0     -512.029694242   0.00036125       1.595e-05        1.25e-06         105.0 460.0
DEC WFC 63   2    103.0     460.0     -512.02967711    0.00036175       1.713e-05        5e-07            104.0 460.0
DEC WFC 64   2    102.0     460.0     -512.029656075   0.0003605        2.103e-05        1.25e-06         103.0 460.0
DEC WFC 65   2    101.0     460.0     -512.029632915   0.00036125       2.316e-05        7.5e-07          102.0 460.0
DEC WFC 66   2    100.0     460.0     -512.029608427   0.00036225       2.449e-05        1e-06            101.0 460.0
DEC WFC 67   2    99.0      460.0     -512.029589353   0.00036175       1.907e-05        5e-07            100.0 460.0
DEC WFC 68   2    98.0      460.0     -512.029559855   0.00036175       2.95e-05         0.0              99.0 460.0
DEC WFC 69   2    97.0      460.0     -512.029533185   0.000362         2.667e-05        2.5e-07          98.0 460.0
DEC WFC 70   2    96.0      460.0     -512.029504782   0.000362         2.84e-05         0.0              97.0 460.0
DEC WFC 71   2    95.0      460.0     -512.029467307   0.0003615        3.747e-05        5e-07            96.0 460.0
DEC WFC 72   2    94.0      460.0     -512.029436505   0.00036225       3.08e-05         7.5e-07          95.0 460.0
DEC WFC 73   2    93.0      460.0     -512.029395828   0.0003615        4.068e-05        7.5e-07          94.0 460.0
DEC WFC 74   2    92.0      460.0     -512.029357365   0.0003605        3.846e-05        1e-06            93.0 460.0
DEC WFC 75   2    91.0      460.0     -512.029312422   0.00036175       4.494e-05        1.25e-06         92.0 460.0
DEC WFC 76   2    90.0      460.0     -512.029267998   0.00036075       4.442e-05        1e-06            91.0 460.0
DEC WFC 77   2    89.0      460.0     -512.029216248   0.000362         5.175e-05        1.25e-06         90.0 460.0
DEC WFC 78   2    88.0      460.0     -512.029166863   0.00036075       4.939e-05        1.25e-06         89.0 460.0
DEC WFC 79   2    87.0      460.0     -512.029110655   0.0003635        5.621e-05        2.75e-06         88.0 460.0
DEC WFC 80   2    86.0      460.0     -512.02904505    0.000363         6.56e-05         5e-07            87.0 460.0
DEC WFC 81   2    85.0      460.0     -512.02898351    0.00036525       6.154e-05        2.25e-06         86.0 460.0
DEC WFC 82   2    84.0      460.0     -512.028921545   0.0003645        6.196e-05        7.5e-07          85.0 460.0
DEC WFC 83   2    83.0      460.0     -512.028846993   0.00036375       7.455e-05        7.5e-07          84.0 460.0
DEC WFC 84   2    82.0      460.0     -512.028745695   0.00036575       0.0001013        2e-06            83.0 460.0
DEC WFC 85   2    81.0      460.0     -512.028657325   0.00036575       8.837e-05        0.0              82.0 460.0
DEC WFC 86   2    80.0      460.0     -512.028569525   0.00036525       8.78e-05         5e-07            81.0 460.0
DEC WFC 87   2    79.0      460.0     -512.028469445   0.0003655        0.00010008       2.5e-07          80.0 460.0
DEC WFC 88   2    78.0      460.0     -512.028351835   0.0003655        0.00011761       0.0              79.0 460.0
DEC WFC 89   2    77.0      460.0     -512.028246498   0.00036625       0.00010534       7.5e-07          78.0 460.0
DEC WFC 90   2    76.0      460.0     -512.02808454    0.00036525       0.00016196       1e-06            77.0 460.0
DEC WFC 91   2    75.0      460.0     -512.027931152   0.0003645        0.00015339       7.5e-07          76.0 460.0
DEC WFC 92   2    74.0      460.0     -512.027771828   0.000365         0.00015932       5e-07            75.0 460.0
DEC WFC 93   2    73.0      460.0     -512.02762125    0.00036475       0.00015058       2.5e-07          74.0 460.0
DEC WFC 94   2    72.0      460.0     -512.027414995   0.00036325       0.00020626       1.5e-06          73.0 460.0
DEC WFC 95   2    71.0      460.0     -512.027240325   0.000364         0.00017467       7.5e-07          72.0 460.0
DEC WFC 96   2    70.0      460.0     -512.026982445   0.00036425       0.00025788       2.5e-07          71.0 460.0
Ecutwfc: 71.0 
Ecutrho: 460.0 

CONVERGE ECUT 2D 
================ 

CONVERGE KPOINTS 
================ 
3 3 3 1 1 1 0.01 -512.02722451 0.00043925
3 3 3 1 1 1 0.02 -512.027240325 0.000364
3 3 3 1 1 1 0.03 -512.027094143 0.00037225
3 3 3 1 1 1 0.04 -512.026899103 0.00038175
3 3 3 1 1 1 0.05 -512.026568142 0.00037425
4 4 4 1 1 1 0.01 -512.02769289 0.00035625
4 4 4 1 1 1 0.02 -512.02832556 0.00040375
4 4 4 1 1 1 0.03 -512.028401502 0.000417
4 4 4 1 1 1 0.04 -512.028251065 0.0004035
4 4 4 1 1 1 0.05 -512.027966122 0.0003915
5 5 5 1 1 1 0.01 -512.030283492 0.00040325
5 5 5 1 1 1 0.02 -512.030057417 0.0004125
5 5 5 1 1 1 0.03 -512.02976596 0.00040025
5 5 5 1 1 1 0.04 -512.029481177 0.0004005
5 5 5 1 1 1 0.05 -512.028969765 0.000396
6 6 6 1 1 1 0.01 -512.02957328 0.000418
6 6 6 1 1 1 0.02 -512.029238383 0.0003685
6 6 6 1 1 1 0.03 -512.029228207 0.00039625
6 6 6 1 1 1 0.04 -512.029107322 0.00039975
6 6 6 1 1 1 0.05 -512.028742815 0.0003955
7 7 7 1 1 1 0.01 -512.028403867 0.0003565
7 7 7 1 1 1 0.02 -512.02866151 0.0003715
7 7 7 1 1 1 0.03 -512.028980843 0.000388
7 7 7 1 1 1 0.04 -512.029061843 0.0003945
7 7 7 1 1 1 0.05 -512.028795765 0.00039425
8 8 8 1 1 1 0.01 -512.02894535 0.00037275
8 8 8 1 1 1 0.02 -512.029062873 0.00038575
8 8 8 1 1 1 0.03 -512.029150853 0.00039375
8 8 8 1 1 1 0.04 -512.02910568 0.00039675
8 8 8 1 1 1 0.05 -512.028780328 0.00039475
9 9 9 1 1 1 0.01 -512.02937041 0.00038875
9 9 9 1 1 1 0.02 -512.029368325 0.000398
9 9 9 1 1 1 0.03 -512.02933603 0.00039875
9 9 9 1 1 1 0.04 -512.029202382 0.00039925
9 9 9 1 1 1 0.05 -512.028824233 0.000395
10 10 10 1 1 1 0.01 -512.028974413 0.00038625
10 10 10 1 1 1 0.02 -512.029080757 0.0003905
10 10 10 1 1 1 0.03 -512.029197003 0.00039525
10 10 10 1 1 1 0.04 -512.029142555 0.0003975
10 10 10 1 1 1 0.05 -512.028800918 0.00039475
11 11 11 1 1 1 0.01 -512.029042392 0.0003825
11 11 11 1 1 1 0.02 -512.02911986 0.00038875
11 11 11 1 1 1 0.03 -512.029208015 0.00039475
11 11 11 1 1 1 0.04 -512.029143005 0.0003975
11 11 11 1 1 1 0.05 -512.028800818 0.00039475


Calculations complete.

CPU min:     4.93
CPU max:     183.55
CPU total:   5165.65

Wall min:    5.23
Wall max:    192.71
Wall total:  5501.800000000002

Time:  16.026322841644287
