QE CONVERGE 

READ INPUT 
========== 
Input files 
Input:      input.in
Template:   alfcc.in

Ecut 
c_force_units:   RY/BOHR
c_force:   0.0001
c_force_pw:   0.0001
c_energy_units:   ry
c_energy:   1e-05
c_energy_pw:   1e-05
run:   True
wfc_units:   RY
rho_units:   BOHR-3
wfc_min:   25
wfc_max:   100
wfc_inc:   5
wfc_dec:   1
rho_dec:   5
wfc_min_pw:   25.0
wfc_max_pw:   100.0
wfc_inc_pw:   5.0
wfc_dec_pw:   1.0
rho_dec_pw:   5.0
wr_min_ratio:   2.0
kpoints_type:   automatic
kpoints_val:   3 3 3 1 1 1
type:   fcc
size:   2
alat:   4.04
alat_units:   ang
alat_pw:   7.6356
alat_expanded_pw:   15.2712
cp:   [ 1.  1.  1.  0.  0.  0.]
rand_variance:   0.01
rand_seed:   0
data:   [[ 0.  0.  0. ...,  0.  0.  0.]
 [ 0.  0.  0. ...,  0.  0.  0.]
 [ 0.  0.  0. ...,  0.  0.  0.]
 ..., 
 [ 0.  0.  0. ...,  0.  0.  0.]
 [ 0.  0.  0. ...,  0.  0.  0.]
 [ 0.  0.  0. ...,  0.  0.  0.]]
data_relative:   [[ 0.  0.  0. ...,  0.  0.  0.]
 [ 0.  0.  0. ...,  0.  0.  0.]
 [ 0.  0.  0. ...,  0.  0.  0.]
 ..., 
 [ 0.  0.  0. ...,  0.  0.  0.]
 [ 0.  0.  0. ...,  0.  0.  0.]
 [ 0.  0.  0. ...,  0.  0.  0.]]
data_ev:   [[ 0.  0.  0. ...,  0.  0.  0.]
 [ 0.  0.  0. ...,  0.  0.  0.]
 [ 0.  0.  0. ...,  0.  0.  0.]
 ..., 
 [ 0.  0.  0. ...,  0.  0.  0.]
 [ 0.  0.  0. ...,  0.  0.  0.]
 [ 0.  0.  0. ...,  0.  0.  0.]]
data_len:   [0 0 0]
ecutwfc_converged_pw:   None
ecutrho_converged_pw:   None

Ecut 2D 
wfc_units:   RY
rho_units:   BOHR-3
wfc_min:   40
wfc_max:   70
wfc_inc:   5
rho_min:   100
rho_max:   300
rho_inc:   20
wfc_min_pw:   40.0
wfc_max_pw:   70.0
wfc_inc_pw:   5.0
rho_min_pw:   100.0
rho_max_pw:   300.0
rho_inc_pw:   20.0
energy_ry:   [[ 0.  0.  0. ...,  0.  0.  0.]
 [ 0.  0.  0. ...,  0.  0.  0.]
 [ 0.  0.  0. ...,  0.  0.  0.]
 ..., 
 [ 0.  0.  0. ...,  0.  0.  0.]
 [ 0.  0.  0. ...,  0.  0.  0.]
 [ 0.  0.  0. ...,  0.  0.  0.]]
force_rybohr:   [[ 0.  0.  0. ...,  0.  0.  0.]
 [ 0.  0.  0. ...,  0.  0.  0.]
 [ 0.  0.  0. ...,  0.  0.  0.]
 ..., 
 [ 0.  0.  0. ...,  0.  0.  0.]
 [ 0.  0.  0. ...,  0.  0.  0.]
 [ 0.  0.  0. ...,  0.  0.  0.]]
energy_ev:   [[ 0.  0.  0. ...,  0.  0.  0.]
 [ 0.  0.  0. ...,  0.  0.  0.]
 [ 0.  0.  0. ...,  0.  0.  0.]
 ..., 
 [ 0.  0.  0. ...,  0.  0.  0.]
 [ 0.  0.  0. ...,  0.  0.  0.]
 [ 0.  0.  0. ...,  0.  0.  0.]]
force_evang:   [[ 0.  0.  0. ...,  0.  0.  0.]
 [ 0.  0.  0. ...,  0.  0.  0.]
 [ 0.  0.  0. ...,  0.  0.  0.]
 ..., 
 [ 0.  0.  0. ...,  0.  0.  0.]
 [ 0.  0.  0. ...,  0.  0.  0.]
 [ 0.  0.  0. ...,  0.  0.  0.]]
data_w:   0
data_h:   0

Kpoint
ecutwfc:   None
ecutrho:   None
run:   True
k_min:   3
k_max:   7
k_inc:   2
k_type:   automatic
k_offset:   [1, 1, 1]
smearing:   [0.001, 0.002, 0.005, 0.007, 0.008, 0.01, 0.02, 0.03, 0.04, 0.05]
smearing_pw:   [0.001, 0.002, 0.005, 0.007, 0.008, 0.01, 0.02, 0.03, 0.04, 0.05]
smearing_units:   RY
type:   fcc
size:   2
alat:   4.04
alat_units:   ang
alat_pw:   7.6356
alat_expanded_pw:   15.2712
cp:   [ 1.  1.  1.  0.  0.  0.]
rand_variance:   0.01
rand_seed:   0
energy_ry:   [[ 0.  0.  0. ...,  0.  0.  0.]
 [ 0.  0.  0. ...,  0.  0.  0.]
 [ 0.  0.  0. ...,  0.  0.  0.]
 ..., 
 [ 0.  0.  0. ...,  0.  0.  0.]
 [ 0.  0.  0. ...,  0.  0.  0.]
 [ 0.  0.  0. ...,  0.  0.  0.]]
force_rybohr:   [[ 0.  0.  0. ...,  0.  0.  0.]
 [ 0.  0.  0. ...,  0.  0.  0.]
 [ 0.  0.  0. ...,  0.  0.  0.]
 ..., 
 [ 0.  0.  0. ...,  0.  0.  0.]
 [ 0.  0.  0. ...,  0.  0.  0.]
 [ 0.  0.  0. ...,  0.  0.  0.]]
energy_ev:   [[ 0.  0.  0. ...,  0.  0.  0.]
 [ 0.  0.  0. ...,  0.  0.  0.]
 [ 0.  0.  0. ...,  0.  0.  0.]
 ..., 
 [ 0.  0.  0. ...,  0.  0.  0.]
 [ 0.  0.  0. ...,  0.  0.  0.]
 [ 0.  0.  0. ...,  0.  0.  0.]]
force_evang:   [[ 0.  0.  0. ...,  0.  0.  0.]
 [ 0.  0.  0. ...,  0.  0.  0.]
 [ 0.  0.  0. ...,  0.  0.  0.]
 ..., 
 [ 0.  0.  0. ...,  0.  0.  0.]
 [ 0.  0.  0. ...,  0.  0.  0.]
 [ 0.  0.  0. ...,  0.  0.  0.]]
data_w:   0
data_h:   0

CONVERGE ECUT 
============= 
1. INCREASE ECUTWFC 
econv_threshold: 5e-05 
fconv_threshold: 0.0005 
Data: 
25.0 100.0 -39.5017109941 8.6375e-05 
30.0 120.0 -39.5019071359 8.54375e-05 
35.0 140.0 -39.5020105591 8.559375e-05 
40.0 160.0 -39.5020469888 8.56875e-05 
45.0 180.0 -39.5020594256 8.56875e-05 
Ecutwfc: 40.0 
Ecutrho: 160.0 
2. DECREASE ECUTRHO 
econv_threshold: 5e-05 
fconv_threshold: 0.0005 
Data: 
40.0 160.0 -39.5020469888 8.56875e-05 
40.0 155.0 -39.5020469156 8.56875e-05 
40.0 150.0 -39.5020466909 8.565625e-05 
40.0 145.0 -39.5020466203 8.565625e-05 
40.0 140.0 -39.5020463963 8.565625e-05 
Ecutwfc: 40.0 
Ecutrho: 160.0 
3. DECREASE ECUTWFC 
econv_threshold: 1e-05 
fconv_threshold: 0.0001 
Data: 
40.0 160.0 -39.5020469888 8.56875e-05 
39.0 160.0 -39.5020422931 8.575e-05 
38.0 160.0 -39.5020364906 8.565625e-05 
37.0 160.0 -39.5020294731 8.5625e-05 
36.0 160.0 -39.5020206363 8.559375e-05 
Ecutwfc: 40.0 
Ecutrho: 160.0 

CONVERGE ECUT 2D 
================ 
40.0 100.0 -39.5020449856 8.565625e-05
45.0 100.0 -39.5020566009 8.56875e-05
50.0 100.0 -39.5020609741 8.56875e-05
55.0 100.0 -39.5020646072 8.565625e-05
60.0 100.0 -39.5020687856 8.571875e-05
65.0 100.0 -39.5020718384 8.56875e-05
70.0 100.0 -39.5020736863 8.5625e-05
40.0 120.0 -39.5020429887 8.56875e-05
45.0 120.0 -39.5020545609 8.56875e-05
50.0 120.0 -39.5020589184 8.571875e-05
55.0 120.0 -39.5020625544 8.56875e-05
60.0 120.0 -39.5020667506 8.571875e-05
65.0 120.0 -39.5020698303 8.571875e-05
70.0 120.0 -39.5020717066 8.565625e-05
40.0 140.0 -39.5020463963 8.565625e-05
45.0 140.0 -39.5020579697 8.565625e-05
50.0 140.0 -39.5020623288 8.56875e-05
55.0 140.0 -39.5020659684 8.565625e-05
60.0 140.0 -39.5020701666 8.56875e-05
65.0 140.0 -39.5020732475 8.56875e-05
70.0 140.0 -39.5020751237 8.5625e-05
40.0 160.0 -39.5020469888 8.56875e-05
45.0 160.0 -39.5020585525 8.56875e-05
50.0 160.0 -39.5020629059 8.571875e-05
55.0 160.0 -39.5020665406 8.56875e-05
60.0 160.0 -39.5020707319 8.571875e-05
65.0 160.0 -39.5020738059 8.575e-05
70.0 160.0 -39.5020756766 8.565625e-05
40.0 180.0 -39.5020478647 8.56875e-05
45.0 180.0 -39.5020594256 8.56875e-05
50.0 180.0 -39.5020637787 8.56875e-05
55.0 180.0 -39.5020674153 8.56875e-05
60.0 180.0 -39.5020716091 8.571875e-05
65.0 180.0 -39.5020746847 8.571875e-05
70.0 180.0 -39.5020765553 8.565625e-05
40.0 200.0 -39.5020483337 8.565625e-05
45.0 200.0 -39.5020598953 8.56875e-05
50.0 200.0 -39.5020642488 8.56875e-05
55.0 200.0 -39.5020678863 8.56875e-05
60.0 200.0 -39.5020720809 8.571875e-05
65.0 200.0 -39.5020751572 8.571875e-05
70.0 200.0 -39.5020770284 8.5625e-05
40.0 220.0 -39.5020484656 8.565625e-05
45.0 220.0 -39.5020600262 8.565625e-05
50.0 220.0 -39.5020643794 8.56875e-05
55.0 220.0 -39.5020680169 8.56875e-05
60.0 220.0 -39.5020722116 8.571875e-05
65.0 220.0 -39.5020752875 8.571875e-05
70.0 220.0 -39.5020771587 8.5625e-05
40.0 240.0 -39.5020487194 8.565625e-05
45.0 240.0 -39.5020602794 8.565625e-05
50.0 240.0 -39.5020646328 8.56875e-05
55.0 240.0 -39.5020682706 8.56875e-05
60.0 240.0 -39.5020724656 8.56875e-05
65.0 240.0 -39.5020755422 8.571875e-05
70.0 240.0 -39.5020774131 8.5625e-05
40.0 260.0 -39.5020488578 8.565625e-05
45.0 260.0 -39.5020604181 8.565625e-05
50.0 260.0 -39.5020647719 8.56875e-05
55.0 260.0 -39.50206841 8.56875e-05
60.0 260.0 -39.5020726056 8.571875e-05
65.0 260.0 -39.5020756822 8.571875e-05
70.0 260.0 -39.5020775534 8.5625e-05
40.0 280.0 -39.5020488847 8.565625e-05
45.0 280.0 -39.502060445 8.565625e-05
50.0 280.0 -39.5020647984 8.56875e-05
55.0 280.0 -39.5020684369 8.56875e-05
60.0 280.0 -39.5020726325 8.571875e-05
65.0 280.0 -39.5020757091 8.571875e-05
70.0 280.0 -39.5020775806 8.5625e-05
40.0 300.0 -39.50204898 8.565625e-05
45.0 300.0 -39.5020605403 8.56875e-05
50.0 300.0 -39.5020648938 8.56875e-05
55.0 300.0 -39.5020685322 8.56875e-05
60.0 300.0 -39.5020727281 8.571875e-05
65.0 300.0 -39.5020758047 8.571875e-05
70.0 300.0 -39.5020776759 8.565625e-05

CONVERGE KPOINTS 
================ 
3 3 3 1 1 1 0.001 -39.5019915459 8.240625e-05
3 3 3 1 1 1 0.002 -39.5020101084 8.265625e-05
3 3 3 1 1 1 0.005 -39.5020659203 8.39375e-05
3 3 3 1 1 1 0.007 -39.5020994322 8.459375e-05
3 3 3 1 1 1 0.008 -39.50211125 8.484375e-05
3 3 3 1 1 1 0.01 -39.5021192097 8.51875e-05
3 3 3 1 1 1 0.02 -39.5020469888 8.56875e-05
3 3 3 1 1 1 0.03 -39.5020009456 8.759375e-05
3 3 3 1 1 1 0.04 -39.5019488656 8.628125e-05
3 3 3 1 1 1 0.05 -39.5019709616 8.475e-05
5 5 5 1 1 1 0.001 -39.5028390344 8.6375e-05
5 5 5 1 1 1 0.002 -39.5028421713 8.396875e-05
5 5 5 1 1 1 0.005 -39.50285865 8.584375e-05
5 5 5 1 1 1 0.007 -39.5028709966 8.65625e-05
5 5 5 1 1 1 0.008 -39.5028761828 8.671875e-05
5 5 5 1 1 1 0.01 -39.5028839366 8.678125e-05
5 5 5 1 1 1 0.02 -39.5029386872 8.7125e-05
5 5 5 1 1 1 0.03 -39.5029629769 8.70625e-05
5 5 5 1 1 1 0.04 -39.5029105131 8.628125e-05
5 5 5 1 1 1 0.05 -39.5028539912 8.559375e-05
7 7 7 1 1 1 0.001 -39.5025082069 8.134375e-05
7 7 7 1 1 1 0.002 -39.5025102034 8.309375e-05
7 7 7 1 1 1 0.005 -39.5025104738 8.49375e-05
7 7 7 1 1 1 0.007 -39.5025051859 8.496875e-05
7 7 7 1 1 1 0.008 -39.5025020388 8.490625e-05
7 7 7 1 1 1 0.01 -39.5024985122 8.478125e-05
7 7 7 1 1 1 0.02 -39.5025491137 8.5375e-05
7 7 7 1 1 1 0.03 -39.5026314656 8.565625e-05
7 7 7 1 1 1 0.04 -39.5026936866 8.571875e-05
7 7 7 1 1 1 0.05 -39.5027373463 8.559375e-05

Time:  8700.65195441246
