QE CONVERGE 

READ INPUT 
========== 
Input files 
Input:      input.in
Template:   alfcc.in

Ecut 
c_force_units:   RY/BOHR
c_force:   1e-05
c_force_pw:   1e-05
c_energy_units:   ry
c_energy:   1e-06
c_energy_pw:   1e-06
run:   True
wfc_units:   RY
rho_units:   BOHR-3
wfc_min:   25
wfc_max:   30
wfc_inc:   5
wfc_dec:   1
rho_dec:   5
wfc_min_pw:   25.0
wfc_max_pw:   30.0
wfc_inc_pw:   5.0
wfc_dec_pw:   1.0
rho_dec_pw:   5.0
wr_min_ratio:   2.0
kpoints_type:   automatic
kpoints_val:   3 3 3 1 1 1
type:   zb
size:   1
alat:   5.04
alat_units:   ang
alat_pw:   9.5256
alat_expanded_pw:   9.5256
cp:   [ 1.  1.  1.  0.  0.  0.]
rand_variance:   0.01
rand_seed:   0
data:   [[ 0.  0.  0. ...,  0.  0.  0.]
 [ 0.  0.  0. ...,  0.  0.  0.]
 [ 0.  0.  0. ...,  0.  0.  0.]
 ..., 
 [ 0.  0.  0. ...,  0.  0.  0.]
 [ 0.  0.  0. ...,  0.  0.  0.]
 [ 0.  0.  0. ...,  0.  0.  0.]]
data_relative:   [[ 0.  0.  0. ...,  0.  0.  0.]
 [ 0.  0.  0. ...,  0.  0.  0.]
 [ 0.  0.  0. ...,  0.  0.  0.]
 ..., 
 [ 0.  0.  0. ...,  0.  0.  0.]
 [ 0.  0.  0. ...,  0.  0.  0.]
 [ 0.  0.  0. ...,  0.  0.  0.]]
data_ev:   [[ 0.  0.  0. ...,  0.  0.  0.]
 [ 0.  0.  0. ...,  0.  0.  0.]
 [ 0.  0.  0. ...,  0.  0.  0.]
 ..., 
 [ 0.  0.  0. ...,  0.  0.  0.]
 [ 0.  0.  0. ...,  0.  0.  0.]
 [ 0.  0.  0. ...,  0.  0.  0.]]
data_len:   [0 0 0]
ecutwfc_converged_pw:   None
ecutrho_converged_pw:   None

Ecut 2D 
wfc_units:   RY
rho_units:   BOHR-3
wfc_min:   40
wfc_max:   70
wfc_inc:   5
rho_min:   100
rho_max:   300
rho_inc:   20
wfc_min_pw:   40.0
wfc_max_pw:   70.0
wfc_inc_pw:   5.0
rho_min_pw:   100.0
rho_max_pw:   300.0
rho_inc_pw:   20.0
energy_ry:   [[ 0.  0.  0. ...,  0.  0.  0.]
 [ 0.  0.  0. ...,  0.  0.  0.]
 [ 0.  0.  0. ...,  0.  0.  0.]
 ..., 
 [ 0.  0.  0. ...,  0.  0.  0.]
 [ 0.  0.  0. ...,  0.  0.  0.]
 [ 0.  0.  0. ...,  0.  0.  0.]]
force_rybohr:   [[ 0.  0.  0. ...,  0.  0.  0.]
 [ 0.  0.  0. ...,  0.  0.  0.]
 [ 0.  0.  0. ...,  0.  0.  0.]
 ..., 
 [ 0.  0.  0. ...,  0.  0.  0.]
 [ 0.  0.  0. ...,  0.  0.  0.]
 [ 0.  0.  0. ...,  0.  0.  0.]]
energy_ev:   [[ 0.  0.  0. ...,  0.  0.  0.]
 [ 0.  0.  0. ...,  0.  0.  0.]
 [ 0.  0.  0. ...,  0.  0.  0.]
 ..., 
 [ 0.  0.  0. ...,  0.  0.  0.]
 [ 0.  0.  0. ...,  0.  0.  0.]
 [ 0.  0.  0. ...,  0.  0.  0.]]
force_evang:   [[ 0.  0.  0. ...,  0.  0.  0.]
 [ 0.  0.  0. ...,  0.  0.  0.]
 [ 0.  0.  0. ...,  0.  0.  0.]
 ..., 
 [ 0.  0.  0. ...,  0.  0.  0.]
 [ 0.  0.  0. ...,  0.  0.  0.]
 [ 0.  0.  0. ...,  0.  0.  0.]]
data_w:   0
data_h:   0

Kpoint
ecutwfc:   None
ecutrho:   None
run:   True
k_min:   2
k_max:   4
k_inc:   1
k_type:   automatic
k_offset:   [1, 1, 1]
smearing:   [0.01, 0.05]
smearing_pw:   [0.01, 0.05]
smearing_units:   RY
type:   zb
size:   1
alat:   5.04
alat_units:   ang
alat_pw:   9.5256
alat_expanded_pw:   9.5256
cp:   [ 1.  1.  1.  0.  0.  0.]
rand_variance:   0.01
rand_seed:   0
energy_ry:   [[ 0.  0.  0. ...,  0.  0.  0.]
 [ 0.  0.  0. ...,  0.  0.  0.]
 [ 0.  0.  0. ...,  0.  0.  0.]
 ..., 
 [ 0.  0.  0. ...,  0.  0.  0.]
 [ 0.  0.  0. ...,  0.  0.  0.]
 [ 0.  0.  0. ...,  0.  0.  0.]]
force_rybohr:   [[ 0.  0.  0. ...,  0.  0.  0.]
 [ 0.  0.  0. ...,  0.  0.  0.]
 [ 0.  0.  0. ...,  0.  0.  0.]
 ..., 
 [ 0.  0.  0. ...,  0.  0.  0.]
 [ 0.  0.  0. ...,  0.  0.  0.]
 [ 0.  0.  0. ...,  0.  0.  0.]]
energy_ev:   [[ 0.  0.  0. ...,  0.  0.  0.]
 [ 0.  0.  0. ...,  0.  0.  0.]
 [ 0.  0.  0. ...,  0.  0.  0.]
 ..., 
 [ 0.  0.  0. ...,  0.  0.  0.]
 [ 0.  0.  0. ...,  0.  0.  0.]
 [ 0.  0.  0. ...,  0.  0.  0.]]
force_evang:   [[ 0.  0.  0. ...,  0.  0.  0.]
 [ 0.  0.  0. ...,  0.  0.  0.]
 [ 0.  0.  0. ...,  0.  0.  0.]
 ..., 
 [ 0.  0.  0. ...,  0.  0.  0.]
 [ 0.  0.  0. ...,  0.  0.  0.]
 [ 0.  0.  0. ...,  0.  0.  0.]]
data_w:   0
data_h:   0

CONVERGE ECUT 
============= 
1. INCREASE ECUTWFC 
econv_threshold: 4.9999999999999996e-06 
fconv_threshold: 5e-05 
Data: 
INC WFC 1    0    25.0      100.0     -39.3502575      0.000871875      None             None             None None
INC WFC 2    0    30.0      120.0     -39.3504833813   0.00087          0.00022588       1.88e-06         25.0 None
INC WFC 3    0    35.0      140.0     -39.3506009387   0.00087          0.00011756       0.0              30.0 None
INC WFC 4    0    40.0      160.0     -39.3506353538   0.000869875      3.442e-05        1.3e-07          35.0 None
INC WFC 5    0    45.0      180.0     -39.3506504987   0.00087075       1.514e-05        8.8e-07          40.0 None
Ecutwfc: 40.0 
Ecutrho: 160.0 
2. DECREASE ECUTRHO 
econv_threshold: 4.9999999999999996e-06 
fconv_threshold: 5e-05 
Data: 
DEC RHO 1    0    40.0      160.0     -39.3506353538   0.000869875      None             None             40.0 160.0
DEC RHO 2    0    40.0      155.0     -39.350635385    0.000869875      3e-08            0.0              40.0 160.0
DEC RHO 3    0    40.0      150.0     -39.3506354175   0.000869875      3e-08            0.0              40.0 155.0
DEC RHO 4    0    40.0      145.0     -39.3506353762   0.000869875      4e-08            0.0              40.0 150.0
DEC RHO 5    0    40.0      140.0     -39.3506352325   0.00087          1.4e-07          1.3e-07          40.0 145.0
DEC RHO 6    0    40.0      135.0     -39.35063471     0.00087          5.2e-07          0.0              40.0 140.0
DEC RHO 7    0    40.0      130.0     -39.3506338575   0.00087          8.5e-07          0.0              40.0 135.0
DEC RHO 8    0    40.0      125.0     -39.3506326675   0.000869875      1.19e-06         1.3e-07          40.0 130.0
DEC RHO 9    0    40.0      120.0     -39.3506323875   0.00087          2.8e-07          1.3e-07          40.0 125.0
DEC RHO 10   0    40.0      115.0     -39.3506322125   0.000869875      1.7e-07          1.3e-07          40.0 120.0
DEC RHO 11   0    40.0      110.0     -39.35063279     0.000869875      5.8e-07          0.0              40.0 115.0
DEC RHO 12   0    40.0      105.0     -39.3506353975   0.00087          2.61e-06         1.3e-07          40.0 110.0
DEC RHO 13   0    40.0      100.0     -39.3506359013   0.000869875      5e-07            1.3e-07          40.0 105.0
DEC RHO 14   0    40.0      95.0      -39.350636105    0.000869875      2e-07            0.0              40.0 100.0
DEC RHO 15   0    40.0      90.0      -39.35063382     0.000869875      2.29e-06         0.0              40.0 95.0
DEC RHO 16   0    40.0      85.0      -39.3506303775   0.000869625      3.44e-06         2.5e-07          40.0 90.0
DEC RHO 17   0    40.0      80.0      -39.3506307275   0.000869625      3.5e-07          0.0              40.0 85.0
Ecutwfc: 40.0 
Ecutrho: 85.0 
3. DECREASE ECUTWFC 
econv_threshold: 1e-06 
fconv_threshold: 1e-05 
Data: 
DEC WFC 1    0    40.0      85.0      -39.3506303775   0.000869625      None             None             40.0 85.0
DEC WFC 2    0    39.0      85.0      -39.3506253425   0.0008695        5.04e-06         1.2e-07          40.0 85.0
DEC WFC 3    0    38.0      85.0      -39.3506198712   0.000869875      5.47e-06         3.7e-07          39.0 85.0
DEC WFC 4    0    37.0      85.0      -39.3506139337   0.00087025       5.94e-06         3.8e-07          38.0 85.0
DEC WFC 5    0    36.0      85.0      -39.350604885    0.0008695        9.05e-06         7.5e-07          37.0 85.0
DEC WFC 6    0    35.0      85.0      -39.3505959587   0.000869875      8.93e-06         3.7e-07          36.0 85.0
DEC WFC 7    0    34.0      85.0      -39.3505837762   0.000869875      1.218e-05        0.0              35.0 85.0
DEC WFC 8    0    33.0      85.0      -39.35056346     0.0008695        2.032e-05        3.7e-07          34.0 85.0
DEC WFC 9    0    32.0      85.0      -39.3505408038   0.000869         2.266e-05        5e-07            33.0 85.0
DEC WFC 10   0    31.0      85.0      -39.3505158138   0.0008695        2.499e-05        5e-07            32.0 85.0
DEC WFC 11   0    30.0      85.0      -39.3504811      0.000869625      3.471e-05        1.2e-07          31.0 85.0
DEC WFC 12   0    29.0      85.0      -39.3504469862   0.000868875      3.411e-05        7.5e-07          30.0 85.0
DEC WFC 13   0    28.0      85.0      -39.3504125938   0.0008695        3.439e-05        6.3e-07          29.0 85.0
DEC WFC 14   0    27.0      85.0      -39.3503710725   0.00086975       4.152e-05        2.5e-07          28.0 85.0
DEC WFC 15   0    26.0      85.0      -39.3503265275   0.000870375      4.455e-05        6.2e-07          27.0 85.0
DEC WFC 16   0    25.0      85.0      -39.3502518275   0.000871625      7.47e-05         1.25e-06         26.0 85.0
Ecutwfc: 26.0 
Ecutrho: 85.0 

CONVERGE ECUT 2D 
================ 
40.0 100.0 -39.3506359013 0.000869875
45.0 100.0 -39.3506504125 0.000870625
50.0 100.0 -39.350655825 0.00086975
55.0 100.0 -39.350659115 0.000870125
60.0 100.0 -39.3506626763 0.000869875
65.0 100.0 -39.350665995 0.000869875
70.0 100.0 -39.3506681712 0.00087125
40.0 120.0 -39.3506323875 0.00087
45.0 120.0 -39.3506468525 0.00087075
50.0 120.0 -39.3506522337 0.00086975
55.0 120.0 -39.35065551 0.000870125
60.0 120.0 -39.3506590712 0.00087
65.0 120.0 -39.3506624 0.00087
70.0 120.0 -39.3506645962 0.000871125
40.0 140.0 -39.3506352325 0.00087
45.0 140.0 -39.35064969 0.000870875
50.0 140.0 -39.3506550688 0.00086975
55.0 140.0 -39.3506583413 0.000870125
60.0 140.0 -39.3506618975 0.00087
65.0 140.0 -39.3506652188 0.00087
70.0 140.0 -39.3506674062 0.000871125
40.0 160.0 -39.3506353538 0.000869875
45.0 160.0 -39.3506498125 0.00087075
50.0 160.0 -39.3506551925 0.00086975
55.0 160.0 -39.3506584612 0.000870125
60.0 160.0 -39.3506620113 0.00087
65.0 160.0 -39.3506653263 0.00087
70.0 160.0 -39.3506675075 0.000871125
40.0 180.0 -39.350636045 0.000869875
45.0 180.0 -39.3506504987 0.00087075
50.0 180.0 -39.350655875 0.00086975
55.0 180.0 -39.3506591425 0.000870125
60.0 180.0 -39.3506626913 0.00087
65.0 180.0 -39.3506660037 0.00087
70.0 180.0 -39.350668185 0.000871125
40.0 200.0 -39.3506366675 0.000869875
45.0 200.0 -39.3506511213 0.00087075
50.0 200.0 -39.3506564962 0.00086975
55.0 200.0 -39.3506597638 0.000870125
60.0 200.0 -39.3506633125 0.00087
65.0 200.0 -39.350666625 0.00087
70.0 200.0 -39.3506688062 0.000871125
40.0 220.0 -39.3506367387 0.000869875
45.0 220.0 -39.3506511913 0.00087075
50.0 220.0 -39.3506565663 0.00086975
55.0 220.0 -39.3506598325 0.000870125
60.0 220.0 -39.3506633813 0.00087
65.0 220.0 -39.3506666938 0.00087
70.0 220.0 -39.3506688738 0.000871125
40.0 240.0 -39.3506370288 0.000869875
45.0 240.0 -39.3506514812 0.00087075
50.0 240.0 -39.3506568562 0.00086975
55.0 240.0 -39.3506601213 0.000870125
60.0 240.0 -39.35066367 0.00087
65.0 240.0 -39.3506669813 0.00087
70.0 240.0 -39.3506691613 0.000871125
40.0 260.0 -39.3506371563 0.000869875
45.0 260.0 -39.3506516075 0.00087075
50.0 260.0 -39.3506569825 0.00086975
55.0 260.0 -39.3506602488 0.000870125
60.0 260.0 -39.3506637962 0.00087
65.0 260.0 -39.3506671075 0.00087
70.0 260.0 -39.3506692875 0.000871125
40.0 280.0 -39.3506371675 0.000869875
45.0 280.0 -39.35065162 0.00087075
50.0 280.0 -39.350656995 0.00086975
55.0 280.0 -39.35066026 0.000870125
60.0 280.0 -39.3506638075 0.00087
65.0 280.0 -39.3506671188 0.00087
70.0 280.0 -39.3506693 0.000871125
40.0 300.0 -39.3506372638 0.000869875
45.0 300.0 -39.350651715 0.00087075
50.0 300.0 -39.35065709 0.00086975
55.0 300.0 -39.3506603563 0.000870125
60.0 300.0 -39.3506639037 0.00087
65.0 300.0 -39.350667215 0.00087
70.0 300.0 -39.350669395 0.000871125

