QE CONVERGE 

READ INPUT 
========== 
Input files 
Input:      input.in
Template:   alfcc.in

Ecut 
c_force_units:   RY/BOHR
c_force:   1e-05
c_force_pw:   1e-05
c_energy_units:   ry
c_energy:   1e-06
c_energy_pw:   1e-06
run:   True
wfc_units:   RY
rho_units:   BOHR-3
wfc_min:   25
wfc_max:   30
wfc_inc:   5
wfc_dec:   1
rho_dec:   5
wfc_min_pw:   25.0
wfc_max_pw:   30.0
wfc_inc_pw:   5.0
wfc_dec_pw:   1.0
rho_dec_pw:   5.0
wr_min_ratio:   2.0
kpoints_type:   automatic
kpoints_val:   3 3 3 1 1 1
type:   fcc
size:   1
alat:   4.04
alat_units:   ang
alat_pw:   7.6356
alat_expanded_pw:   7.6356
cp:   [ 1.  1.  1.  0.  0.  0.]
rand_variance:   0.01
rand_seed:   0
data:   [[ 0.  0.  0. ...,  0.  0.  0.]
 [ 0.  0.  0. ...,  0.  0.  0.]
 [ 0.  0.  0. ...,  0.  0.  0.]
 ..., 
 [ 0.  0.  0. ...,  0.  0.  0.]
 [ 0.  0.  0. ...,  0.  0.  0.]
 [ 0.  0.  0. ...,  0.  0.  0.]]
data_relative:   [[ 0.  0.  0. ...,  0.  0.  0.]
 [ 0.  0.  0. ...,  0.  0.  0.]
 [ 0.  0.  0. ...,  0.  0.  0.]
 ..., 
 [ 0.  0.  0. ...,  0.  0.  0.]
 [ 0.  0.  0. ...,  0.  0.  0.]
 [ 0.  0.  0. ...,  0.  0.  0.]]
data_ev:   [[ 0.  0.  0. ...,  0.  0.  0.]
 [ 0.  0.  0. ...,  0.  0.  0.]
 [ 0.  0.  0. ...,  0.  0.  0.]
 ..., 
 [ 0.  0.  0. ...,  0.  0.  0.]
 [ 0.  0.  0. ...,  0.  0.  0.]
 [ 0.  0.  0. ...,  0.  0.  0.]]
data_len:   [0 0 0]
ecutwfc_converged_pw:   None
ecutrho_converged_pw:   None

Ecut 2D 
wfc_units:   RY
rho_units:   BOHR-3
wfc_min:   40
wfc_max:   70
wfc_inc:   5
rho_min:   100
rho_max:   300
rho_inc:   20
wfc_min_pw:   40.0
wfc_max_pw:   70.0
wfc_inc_pw:   5.0
rho_min_pw:   100.0
rho_max_pw:   300.0
rho_inc_pw:   20.0
energy_ry:   [[ 0.  0.  0. ...,  0.  0.  0.]
 [ 0.  0.  0. ...,  0.  0.  0.]
 [ 0.  0.  0. ...,  0.  0.  0.]
 ..., 
 [ 0.  0.  0. ...,  0.  0.  0.]
 [ 0.  0.  0. ...,  0.  0.  0.]
 [ 0.  0.  0. ...,  0.  0.  0.]]
force_rybohr:   [[ 0.  0.  0. ...,  0.  0.  0.]
 [ 0.  0.  0. ...,  0.  0.  0.]
 [ 0.  0.  0. ...,  0.  0.  0.]
 ..., 
 [ 0.  0.  0. ...,  0.  0.  0.]
 [ 0.  0.  0. ...,  0.  0.  0.]
 [ 0.  0.  0. ...,  0.  0.  0.]]
energy_ev:   [[ 0.  0.  0. ...,  0.  0.  0.]
 [ 0.  0.  0. ...,  0.  0.  0.]
 [ 0.  0.  0. ...,  0.  0.  0.]
 ..., 
 [ 0.  0.  0. ...,  0.  0.  0.]
 [ 0.  0.  0. ...,  0.  0.  0.]
 [ 0.  0.  0. ...,  0.  0.  0.]]
force_evang:   [[ 0.  0.  0. ...,  0.  0.  0.]
 [ 0.  0.  0. ...,  0.  0.  0.]
 [ 0.  0.  0. ...,  0.  0.  0.]
 ..., 
 [ 0.  0.  0. ...,  0.  0.  0.]
 [ 0.  0.  0. ...,  0.  0.  0.]
 [ 0.  0.  0. ...,  0.  0.  0.]]
data_w:   0
data_h:   0

Kpoint
ecutwfc:   None
ecutrho:   None
run:   True
k_min:   2
k_max:   4
k_inc:   1
k_type:   automatic
k_offset:   [1, 1, 1]
smearing:   [0.01, 0.05]
smearing_pw:   [0.01, 0.05]
smearing_units:   RY
type:   fcc
size:   1
alat:   4.04
alat_units:   ang
alat_pw:   7.6356
alat_expanded_pw:   7.6356
cp:   [ 1.  1.  1.  0.  0.  0.]
rand_variance:   0.01
rand_seed:   0
energy_ry:   [[ 0.  0.  0. ...,  0.  0.  0.]
 [ 0.  0.  0. ...,  0.  0.  0.]
 [ 0.  0.  0. ...,  0.  0.  0.]
 ..., 
 [ 0.  0.  0. ...,  0.  0.  0.]
 [ 0.  0.  0. ...,  0.  0.  0.]
 [ 0.  0.  0. ...,  0.  0.  0.]]
force_rybohr:   [[ 0.  0.  0. ...,  0.  0.  0.]
 [ 0.  0.  0. ...,  0.  0.  0.]
 [ 0.  0.  0. ...,  0.  0.  0.]
 ..., 
 [ 0.  0.  0. ...,  0.  0.  0.]
 [ 0.  0.  0. ...,  0.  0.  0.]
 [ 0.  0.  0. ...,  0.  0.  0.]]
energy_ev:   [[ 0.  0.  0. ...,  0.  0.  0.]
 [ 0.  0.  0. ...,  0.  0.  0.]
 [ 0.  0.  0. ...,  0.  0.  0.]
 ..., 
 [ 0.  0.  0. ...,  0.  0.  0.]
 [ 0.  0.  0. ...,  0.  0.  0.]
 [ 0.  0.  0. ...,  0.  0.  0.]]
force_evang:   [[ 0.  0.  0. ...,  0.  0.  0.]
 [ 0.  0.  0. ...,  0.  0.  0.]
 [ 0.  0.  0. ...,  0.  0.  0.]
 ..., 
 [ 0.  0.  0. ...,  0.  0.  0.]
 [ 0.  0.  0. ...,  0.  0.  0.]
 [ 0.  0.  0. ...,  0.  0.  0.]]
data_w:   0
data_h:   0

CONVERGE ECUT 
============= 
1. INCREASE ECUTWFC 
econv_threshold: 4.9999999999999996e-06 
fconv_threshold: 5e-05 
Data: 
INC WFC 1    0    25.0      100.0     -39.511267625    0.00020775       None             None             None None
INC WFC 2    0    30.0      120.0     -39.511463735    0.00020575       0.00019611       2e-06            25.0 None
INC WFC 3    0    35.0      140.0     -39.5115681725   0.000207         0.00010444       1.25e-06         30.0 None
INC WFC 4    0    40.0      160.0     -39.5116034425   0.0002065        3.527e-05        5e-07            35.0 None
INC WFC 5    0    45.0      180.0     -39.5116156825   0.000207         1.224e-05        5e-07            40.0 None
Ecutwfc: 40.0 
Ecutrho: 160.0 
2. DECREASE ECUTRHO 
econv_threshold: 4.9999999999999996e-06 
fconv_threshold: 5e-05 
Data: 
DEC RHO 1    0    40.0      160.0     -39.5116034425   0.0002065        None             None             40.0 160.0
DEC RHO 2    0    40.0      155.0     -39.51160337     0.0002065        7e-08            0.0              40.0 160.0
DEC RHO 3    0    40.0      150.0     -39.51160315     0.0002065        2.2e-07          0.0              40.0 155.0
DEC RHO 4    0    40.0      145.0     -39.5116030775   0.0002065        7e-08            0.0              40.0 150.0
DEC RHO 5    0    40.0      140.0     -39.511602855    0.0002065        2.2e-07          0.0              40.0 145.0
DEC RHO 6    0    40.0      135.0     -39.511602015    0.0002065        8.4e-07          0.0              40.0 140.0
DEC RHO 7    0    40.0      130.0     -39.5116012875   0.0002065        7.3e-07          0.0              40.0 135.0
DEC RHO 8    0    40.0      125.0     -39.5116009475   0.0002065        3.4e-07          0.0              40.0 130.0
DEC RHO 9    0    40.0      120.0     -39.51159945     0.0002065        1.5e-06          0.0              40.0 125.0
DEC RHO 10   0    40.0      115.0     -39.5115991175   0.0002065        3.3e-07          0.0              40.0 120.0
DEC RHO 11   0    40.0      110.0     -39.511599695    0.00020675       5.8e-07          2.5e-07          40.0 115.0
DEC RHO 12   0    40.0      105.0     -39.5115998575   0.00020675       1.6e-07          0.0              40.0 110.0
DEC RHO 13   0    40.0      100.0     -39.511601455    0.00020675       1.6e-06          0.0              40.0 105.0
DEC RHO 14   0    40.0      95.0      -39.51160175     0.0002065        2.9e-07          2.5e-07          40.0 100.0
DEC RHO 15   0    40.0      90.0      -39.5115988175   0.00020675       2.93e-06         2.5e-07          40.0 95.0
DEC RHO 16   0    40.0      85.0      -39.511591555    0.0002065        7.26e-06         2.5e-07          40.0 90.0
Ecutwfc: 40.0 
Ecutrho: 90.0 
3. DECREASE ECUTWFC 
econv_threshold: 1e-06 
fconv_threshold: 1e-05 
Data: 
DEC WFC 1    0    40.0      90.0      -39.5115988175   0.00020675       None             None             40.0 90.0
DEC WFC 2    0    39.0      90.0      -39.511593265    0.000207         5.55e-06         2.5e-07          40.0 90.0
DEC WFC 3    0    38.0      90.0      -39.5115880125   0.0002065        5.25e-06         5e-07            39.0 90.0
DEC WFC 4    0    37.0      90.0      -39.5115807075   0.000207         7.3e-06          5e-07            38.0 90.0
DEC WFC 5    0    36.0      90.0      -39.5115723375   0.0002065        8.37e-06         5e-07            37.0 90.0
DEC WFC 6    0    35.0      90.0      -39.5115639925   0.000207         8.34e-06         5e-07            36.0 90.0
DEC WFC 7    0    34.0      90.0      -39.5115504825   0.0002065        1.351e-05        5e-07            35.0 90.0
DEC WFC 8    0    33.0      90.0      -39.51153996     0.0002065        1.052e-05        0.0              34.0 90.0
DEC WFC 9    0    32.0      90.0      -39.5115215325   0.00020625       1.843e-05        2.5e-07          33.0 90.0
DEC WFC 10   0    31.0      90.0      -39.511490095    0.0002065        3.144e-05        2.5e-07          32.0 90.0
DEC WFC 11   0    30.0      90.0      -39.511462785    0.00020575       2.731e-05        7.5e-07          31.0 90.0
DEC WFC 12   0    29.0      90.0      -39.511432865    0.00020625       2.992e-05        5e-07            30.0 90.0
DEC WFC 13   0    28.0      90.0      -39.511409475    0.00020675       2.339e-05        5e-07            29.0 90.0
DEC WFC 14   0    27.0      90.0      -39.5113779975   0.00020675       3.148e-05        0.0              28.0 90.0
DEC WFC 15   0    26.0      90.0      -39.511337905    0.000207         4.009e-05        2.5e-07          27.0 90.0
DEC WFC 16   0    25.0      90.0      -39.5112647325   0.00020775       7.317e-05        7.5e-07          26.0 90.0
Ecutwfc: 26.0 
Ecutrho: 90.0 

CONVERGE ECUT 2D 
================ 
40.0 100.0 -39.511601455 0.00020675
45.0 100.0 -39.5116128675 0.000207
50.0 100.0 -39.51161709 0.000207
55.0 100.0 -39.5116207625 0.000207
60.0 100.0 -39.5116249525 0.000207
65.0 100.0 -39.5116279 0.000207
70.0 100.0 -39.51162974 0.000207
40.0 120.0 -39.51159945 0.0002065
45.0 120.0 -39.51161082 0.00020675
50.0 120.0 -39.5116150275 0.000207
55.0 120.0 -39.5116187025 0.00020675
60.0 120.0 -39.51162291 0.000207
65.0 120.0 -39.511625885 0.00020675
70.0 120.0 -39.5116277525 0.00020675
40.0 140.0 -39.511602855 0.0002065
45.0 140.0 -39.5116142275 0.00020675
50.0 140.0 -39.5116184375 0.000207
55.0 140.0 -39.511622115 0.00020675
60.0 140.0 -39.5116263275 0.000207
65.0 140.0 -39.5116293025 0.00020675
70.0 140.0 -39.5116311675 0.00020675
40.0 160.0 -39.5116034425 0.0002065
45.0 160.0 -39.5116148075 0.000207
50.0 160.0 -39.51161901 0.000207
55.0 160.0 -39.511622685 0.000207
60.0 160.0 -39.5116268875 0.000207
65.0 160.0 -39.5116298575 0.00020675
70.0 160.0 -39.5116317175 0.00020675
40.0 180.0 -39.5116043225 0.0002065
45.0 180.0 -39.5116156825 0.000207
50.0 180.0 -39.511619885 0.000207
55.0 180.0 -39.5116235625 0.000207
60.0 180.0 -39.5116277675 0.000207
65.0 180.0 -39.5116307375 0.00020675
70.0 180.0 -39.5116325975 0.00020675
40.0 200.0 -39.5116047925 0.0002065
45.0 200.0 -39.5116161525 0.000207
50.0 200.0 -39.5116203575 0.000207
55.0 200.0 -39.5116240325 0.000207
60.0 200.0 -39.51162824 0.000207
65.0 200.0 -39.51163121 0.00020675
70.0 200.0 -39.5116330725 0.00020675
40.0 220.0 -39.511604915 0.0002065
45.0 220.0 -39.5116162775 0.000207
50.0 220.0 -39.51162048 0.000207
55.0 220.0 -39.511624155 0.000207
60.0 220.0 -39.5116283625 0.000207
65.0 220.0 -39.5116313325 0.00020675
70.0 220.0 -39.511633195 0.00020675
40.0 240.0 -39.5116051625 0.0002065
45.0 240.0 -39.5116165225 0.000207
50.0 240.0 -39.5116207275 0.000207
55.0 240.0 -39.5116244025 0.000207
60.0 240.0 -39.51162861 0.000207
65.0 240.0 -39.5116315825 0.00020675
70.0 240.0 -39.5116334425 0.00020675
40.0 260.0 -39.51160531 0.0002065
45.0 260.0 -39.5116166725 0.000207
50.0 260.0 -39.511620875 0.000207
55.0 260.0 -39.5116245525 0.000207
60.0 260.0 -39.51162876 0.000207
65.0 260.0 -39.5116317325 0.00020675
70.0 260.0 -39.5116335925 0.00020675
40.0 280.0 -39.5116053375 0.0002065
45.0 280.0 -39.5116166975 0.000207
50.0 280.0 -39.5116209 0.000207
55.0 280.0 -39.51162458 0.000207
60.0 280.0 -39.5116287875 0.000207
65.0 280.0 -39.5116317575 0.00020675
70.0 280.0 -39.51163362 0.00020675
40.0 300.0 -39.5116054325 0.0002065
45.0 300.0 -39.5116167925 0.000207
50.0 300.0 -39.5116209975 0.000207
55.0 300.0 -39.511624675 0.000207
60.0 300.0 -39.5116288825 0.000207
65.0 300.0 -39.511631855 0.00020675
70.0 300.0 -39.511633715 0.00020675

CONVERGE KPOINTS 
================ 
2 2 2 1 1 1 0.01 -39.48729048 0.0001805
2 2 2 1 1 1 0.05 -39.494628455 0.000154
3 3 3 1 1 1 0.01 -39.5109783325 0.0001955
3 3 3 1 1 1 0.05 -39.51159481 0.00021475
4 4 4 1 1 1 0.01 -39.4986752825 0.0001665
4 4 4 1 1 1 0.05 -39.500897585 0.000185

