QE CONVERGE 

READ INPUT 
========== 
Input files 
Input:      input.in
Template:   alfcc.in

Ecut 
c_force_units:   RY/BOHR
c_force:   1e-05
c_force_pw:   1e-05
c_energy_units:   ry
c_energy:   1e-06
c_energy_pw:   1e-06
run:   True
wfc_units:   RY
rho_units:   BOHR-3
wfc_min:   30
wfc_max:   100
wfc_inc:   5
wfc_dec:   1
rho_dec:   5
wfc_min_pw:   30.0
wfc_max_pw:   100.0
wfc_inc_pw:   5.0
wfc_dec_pw:   1.0
rho_dec_pw:   5.0
wr_min_ratio:   2.0
kpoints_type:   automatic
kpoints_val:   5 5 5 1 1 1
type:   fcc
size:   1
alat:   4.04
alat_units:   ang
alat_pw:   7.6356
alat_expanded_pw:   7.6356
cp:   [ 1.  1.  1.  0.  0.  0.]
rand_variance:   0.01
rand_seed:   0
data:   [[ 0.  0.  0. ...,  0.  0.  0.]
 [ 0.  0.  0. ...,  0.  0.  0.]
 [ 0.  0.  0. ...,  0.  0.  0.]
 ..., 
 [ 0.  0.  0. ...,  0.  0.  0.]
 [ 0.  0.  0. ...,  0.  0.  0.]
 [ 0.  0.  0. ...,  0.  0.  0.]]
data_relative:   [[ 0.  0.  0. ...,  0.  0.  0.]
 [ 0.  0.  0. ...,  0.  0.  0.]
 [ 0.  0.  0. ...,  0.  0.  0.]
 ..., 
 [ 0.  0.  0. ...,  0.  0.  0.]
 [ 0.  0.  0. ...,  0.  0.  0.]
 [ 0.  0.  0. ...,  0.  0.  0.]]
data_ev:   [[ 0.  0.  0. ...,  0.  0.  0.]
 [ 0.  0.  0. ...,  0.  0.  0.]
 [ 0.  0.  0. ...,  0.  0.  0.]
 ..., 
 [ 0.  0.  0. ...,  0.  0.  0.]
 [ 0.  0.  0. ...,  0.  0.  0.]
 [ 0.  0.  0. ...,  0.  0.  0.]]
data_len:   [0 0 0]
ecutwfc_converged_pw:   None
ecutrho_converged_pw:   None

Ecut 2D 
wfc_units:   RY
rho_units:   BOHR-3
wfc_min:   30
wfc_max:   90
wfc_inc:   2.5
rho_min:   100
rho_max:   320
rho_inc:   10
wfc_min_pw:   30.0
wfc_max_pw:   90.0
wfc_inc_pw:   2.5
rho_min_pw:   100.0
rho_max_pw:   320.0
rho_inc_pw:   10.0
energy_ry:   [[ 0.  0.  0. ...,  0.  0.  0.]
 [ 0.  0.  0. ...,  0.  0.  0.]
 [ 0.  0.  0. ...,  0.  0.  0.]
 ..., 
 [ 0.  0.  0. ...,  0.  0.  0.]
 [ 0.  0.  0. ...,  0.  0.  0.]
 [ 0.  0.  0. ...,  0.  0.  0.]]
force_rybohr:   [[ 0.  0.  0. ...,  0.  0.  0.]
 [ 0.  0.  0. ...,  0.  0.  0.]
 [ 0.  0.  0. ...,  0.  0.  0.]
 ..., 
 [ 0.  0.  0. ...,  0.  0.  0.]
 [ 0.  0.  0. ...,  0.  0.  0.]
 [ 0.  0.  0. ...,  0.  0.  0.]]
energy_ev:   [[ 0.  0.  0. ...,  0.  0.  0.]
 [ 0.  0.  0. ...,  0.  0.  0.]
 [ 0.  0.  0. ...,  0.  0.  0.]
 ..., 
 [ 0.  0.  0. ...,  0.  0.  0.]
 [ 0.  0.  0. ...,  0.  0.  0.]
 [ 0.  0.  0. ...,  0.  0.  0.]]
force_evang:   [[ 0.  0.  0. ...,  0.  0.  0.]
 [ 0.  0.  0. ...,  0.  0.  0.]
 [ 0.  0.  0. ...,  0.  0.  0.]
 ..., 
 [ 0.  0.  0. ...,  0.  0.  0.]
 [ 0.  0.  0. ...,  0.  0.  0.]
 [ 0.  0.  0. ...,  0.  0.  0.]]
data_w:   0
data_h:   0

Kpoint
ecutwfc:   None
ecutrho:   None
run:   True
k_min:   4
k_max:   15
k_inc:   1
k_type:   automatic
k_offset:   [1, 1, 1]
smearing:   [0.01, 0.02, 0.03, 0.04, 0.05]
smearing_pw:   [0.01, 0.02, 0.03, 0.04, 0.05]
smearing_units:   RY
type:   fcc
size:   1
alat:   4.04
alat_units:   ang
alat_pw:   7.6356
alat_expanded_pw:   7.6356
cp:   [ 1.  1.  1.  0.  0.  0.]
rand_variance:   0.01
rand_seed:   0
energy_ry:   [[ 0.  0.  0. ...,  0.  0.  0.]
 [ 0.  0.  0. ...,  0.  0.  0.]
 [ 0.  0.  0. ...,  0.  0.  0.]
 ..., 
 [ 0.  0.  0. ...,  0.  0.  0.]
 [ 0.  0.  0. ...,  0.  0.  0.]
 [ 0.  0.  0. ...,  0.  0.  0.]]
force_rybohr:   [[ 0.  0.  0. ...,  0.  0.  0.]
 [ 0.  0.  0. ...,  0.  0.  0.]
 [ 0.  0.  0. ...,  0.  0.  0.]
 ..., 
 [ 0.  0.  0. ...,  0.  0.  0.]
 [ 0.  0.  0. ...,  0.  0.  0.]
 [ 0.  0.  0. ...,  0.  0.  0.]]
energy_ev:   [[ 0.  0.  0. ...,  0.  0.  0.]
 [ 0.  0.  0. ...,  0.  0.  0.]
 [ 0.  0.  0. ...,  0.  0.  0.]
 ..., 
 [ 0.  0.  0. ...,  0.  0.  0.]
 [ 0.  0.  0. ...,  0.  0.  0.]
 [ 0.  0.  0. ...,  0.  0.  0.]]
force_evang:   [[ 0.  0.  0. ...,  0.  0.  0.]
 [ 0.  0.  0. ...,  0.  0.  0.]
 [ 0.  0.  0. ...,  0.  0.  0.]
 ..., 
 [ 0.  0.  0. ...,  0.  0.  0.]
 [ 0.  0.  0. ...,  0.  0.  0.]
 [ 0.  0.  0. ...,  0.  0.  0.]]
data_w:   0
data_h:   0

CONVERGE ECUT 
============= 
1. INCREASE ECUTWFC 
econv_threshold: 4.9999999999999996e-06 
fconv_threshold: 5e-05 
Data: 
INC WFC 1    0    30.0      120.0     -39.499817685    0.000131         None             None             None None
INC WFC 2    0    35.0      140.0     -39.4999224475   0.0001315        0.00010476       5e-07            30.0 None
INC WFC 3    0    40.0      160.0     -39.49995978     0.0001315        3.733e-05        0.0              35.0 None
INC WFC 4    0    45.0      180.0     -39.4999722      0.000132         1.242e-05        5e-07            40.0 None
INC WFC 5    1    50.0      200.0     -39.499976975    0.00013175       4.78e-06         2.5e-07          45.0 None
INC WFC 6    2    55.0      220.0     -39.4999807175   0.00013175       3.74e-06         0.0              50.0 None
Ecutwfc: 50.0 
Ecutrho: 200.0 
2. DECREASE ECUTRHO 
econv_threshold: 4.9999999999999996e-06 
fconv_threshold: 5e-05 
Data: 
DEC RHO 1    2    50.0      200.0     -39.499976975    0.00013175       None             None             50.0 200.0
DEC RHO 2    2    50.0      195.0     -39.4999769275   0.00013175       5e-08            0.0              50.0 200.0
DEC RHO 3    2    50.0      190.0     -39.4999768875   0.00013175       4e-08            0.0              50.0 195.0
DEC RHO 4    2    50.0      185.0     -39.4999766525   0.00013175       2.3e-07          0.0              50.0 190.0
DEC RHO 5    2    50.0      180.0     -39.4999765075   0.00013175       1.5e-07          0.0              50.0 185.0
DEC RHO 6    2    50.0      175.0     -39.49997609     0.00013175       4.2e-07          0.0              50.0 180.0
DEC RHO 7    2    50.0      170.0     -39.4999761725   0.00013175       8e-08            0.0              50.0 175.0
DEC RHO 8    2    50.0      165.0     -39.499975735    0.00013175       4.4e-07          0.0              50.0 170.0
DEC RHO 9    2    50.0      160.0     -39.49997563     0.00013175       1e-07            0.0              50.0 165.0
DEC RHO 10   2    50.0      155.0     -39.49997556     0.00013175       7e-08            0.0              50.0 160.0
DEC RHO 11   2    50.0      150.0     -39.499975345    0.00013175       2.2e-07          0.0              50.0 155.0
DEC RHO 12   2    50.0      145.0     -39.499975275    0.00013175       7e-08            0.0              50.0 150.0
DEC RHO 13   2    50.0      140.0     -39.499975055    0.00013175       2.2e-07          0.0              50.0 145.0
DEC RHO 14   2    50.0      135.0     -39.49997421     0.00013175       8.5e-07          0.0              50.0 140.0
DEC RHO 15   2    50.0      130.0     -39.4999734825   0.00013175       7.3e-07          0.0              50.0 135.0
DEC RHO 16   2    50.0      125.0     -39.4999731425   0.00013175       3.4e-07          0.0              50.0 130.0
DEC RHO 17   2    50.0      120.0     -39.49997164     0.00013175       1.5e-06          0.0              50.0 125.0
DEC RHO 18   2    50.0      115.0     -39.4999713125   0.00013175       3.3e-07          0.0              50.0 120.0
DEC RHO 19   2    50.0      110.0     -39.4999719025   0.000132         5.9e-07          2.5e-07          50.0 115.0
DEC RHO 20   2    50.0      105.0     -39.4999720675   0.000132         1.7e-07          0.0              50.0 110.0
DEC RHO 21   2    50.0      100.0     -39.4999736775   0.000132         1.61e-06         0.0              50.0 105.0
Ecutwfc: 50.0 
Ecutrho: 105.0 
3. DECREASE ECUTWFC 
econv_threshold: 1e-06 
fconv_threshold: 1e-05 
Data: 
DEC WFC 1    2    50.0      105.0     -39.4999720675   0.000132         None             None             50.0 105.0
DEC WFC 2    2    49.0      105.0     -39.4999713125   0.000132         7.6e-07          0.0              50.0 105.0
DEC WFC 3    2    48.0      105.0     -39.4999705675   0.000132         7.5e-07          0.0              49.0 105.0
DEC WFC 4    2    47.0      105.0     -39.499969755    0.00013175       8.1e-07          2.5e-07          48.0 105.0
DEC WFC 5    2    46.0      105.0     -39.49996879     0.00013175       9.7e-07          0.0              47.0 105.0
DEC WFC 6    2    45.0      105.0     -39.4999677475   0.000132         1.04e-06         2.5e-07          46.0 105.0
DEC WFC 7    2    44.0      105.0     -39.4999663225   0.00013175       1.43e-06         2.5e-07          45.0 105.0
DEC WFC 8    2    43.0      105.0     -39.499964645    0.00013175       1.68e-06         0.0              44.0 105.0
DEC WFC 9    2    42.0      105.0     -39.4999625075   0.0001315        2.14e-06         2.5e-07          43.0 105.0
DEC WFC 10   2    41.0      105.0     -39.4999597275   0.0001315        2.78e-06         0.0              42.0 105.0
DEC WFC 11   2    40.0      105.0     -39.4999561625   0.00013175       3.57e-06         2.5e-07          41.0 105.0
DEC WFC 12   2    39.0      105.0     -39.49995135     0.000132         4.81e-06         2.5e-07          40.0 105.0
DEC WFC 13   2    38.0      105.0     -39.4999455      0.00013175       5.85e-06         2.5e-07          39.0 105.0
DEC WFC 14   2    37.0      105.0     -39.4999384525   0.0001315        7.05e-06         2.5e-07          38.0 105.0
DEC WFC 15   2    36.0      105.0     -39.49992972     0.00013175       8.73e-06         2.5e-07          37.0 105.0
DEC WFC 16   2    35.0      105.0     -39.499919365    0.00013175       1.036e-05        0.0              36.0 105.0
DEC WFC 17   2    34.0      105.0     -39.4999079175   0.0001315        1.145e-05        2.5e-07          35.0 105.0
DEC WFC 18   2    33.0      105.0     -39.4998937375   0.00013175       1.418e-05        2.5e-07          34.0 105.0
DEC WFC 19   2    32.0      105.0     -39.499872235    0.0001315        2.15e-05         2.5e-07          33.0 105.0
DEC WFC 20   2    31.0      105.0     -39.49984694     0.0001315        2.53e-05         0.0              32.0 105.0
DEC WFC 21   2    30.0      105.0     -39.49981796     0.00013125       2.898e-05        2.5e-07          31.0 105.0
Ecutwfc: 31.0 
Ecutrho: 105.0 

CONVERGE ECUT 2D 
================ 
30.0 100.0 -39.499819485 0.00013125
32.5 100.0 -39.499886355 0.0001315
35.0 100.0 -39.49992093 0.00013175
37.5 100.0 -39.499943455 0.00013175
40.0 100.0 -39.499957755 0.00013175
42.5 100.0 -39.4999652325 0.0001315
45.0 100.0 -39.4999693525 0.000132
47.5 100.0 -39.4999717525 0.00013175
50.0 100.0 -39.4999736775 0.000132
52.5 100.0 -39.4999753975 0.000132
55.0 100.0 -39.49997729 0.000132
57.5 100.0 -39.4999795075 0.000132
60.0 100.0 -39.499981505 0.00013175
62.5 100.0 -39.49998321 0.00013175
65.0 100.0 -39.4999845775 0.000132
67.5 100.0 -39.4999856625 0.00013175
70.0 100.0 -39.49998644 0.00013175
72.5 100.0 -39.4999869425 0.000132
75.0 100.0 -39.499987295 0.000132
77.5 100.0 -39.4999875475 0.00013225
80.0 100.0 -39.4999877625 0.000132
82.5 100.0 -39.499987975 0.000132
85.0 100.0 -39.49998821 0.00013175
