QE CONVERGE 

READ INPUT 
========== 
Input files 
Input:      input.in
Template:   alfcc.in

Ecut 
c_force_units:   RY/BOHR
c_force:   1e-05
c_force_pw:   1e-05
c_energy_units:   ry
c_energy:   1e-06
c_energy_pw:   1e-06
run:   True
wfc_units:   RY
rho_units:   BOHR-3
wfc_min:   25
wfc_max:   100
wfc_inc:   5
wfc_dec:   1
rho_dec:   5
wfc_min_pw:   25.0
wfc_max_pw:   100.0
wfc_inc_pw:   5.0
wfc_dec_pw:   1.0
rho_dec_pw:   5.0
wr_min_ratio:   2.0
kpoints_type:   automatic
kpoints_val:   3 3 3 1 1 1
type:   fcc
size:   2
alat:   4.04
alat_units:   ang
alat_pw:   7.6356
alat_expanded_pw:   15.2712
cp:   [ 1.  1.  1.  0.  0.  0.]
rand_variance:   0.01
rand_seed:   0
data:   [[ 0.  0.  0. ...,  0.  0.  0.]
 [ 0.  0.  0. ...,  0.  0.  0.]
 [ 0.  0.  0. ...,  0.  0.  0.]
 ..., 
 [ 0.  0.  0. ...,  0.  0.  0.]
 [ 0.  0.  0. ...,  0.  0.  0.]
 [ 0.  0.  0. ...,  0.  0.  0.]]
data_relative:   [[ 0.  0.  0. ...,  0.  0.  0.]
 [ 0.  0.  0. ...,  0.  0.  0.]
 [ 0.  0.  0. ...,  0.  0.  0.]
 ..., 
 [ 0.  0.  0. ...,  0.  0.  0.]
 [ 0.  0.  0. ...,  0.  0.  0.]
 [ 0.  0.  0. ...,  0.  0.  0.]]
data_ev:   [[ 0.  0.  0. ...,  0.  0.  0.]
 [ 0.  0.  0. ...,  0.  0.  0.]
 [ 0.  0.  0. ...,  0.  0.  0.]
 ..., 
 [ 0.  0.  0. ...,  0.  0.  0.]
 [ 0.  0.  0. ...,  0.  0.  0.]
 [ 0.  0.  0. ...,  0.  0.  0.]]
data_len:   [0 0 0]
ecutwfc_converged_pw:   None
ecutrho_converged_pw:   None

Ecut 2D 
wfc_units:   RY
rho_units:   BOHR-3
wfc_min:   30
wfc_max:   80
wfc_inc:   5
rho_min:   100
rho_max:   320
rho_inc:   20
wfc_min_pw:   30.0
wfc_max_pw:   80.0
wfc_inc_pw:   5.0
rho_min_pw:   100.0
rho_max_pw:   320.0
rho_inc_pw:   20.0
energy_ry:   [[ 0.  0.  0. ...,  0.  0.  0.]
 [ 0.  0.  0. ...,  0.  0.  0.]
 [ 0.  0.  0. ...,  0.  0.  0.]
 ..., 
 [ 0.  0.  0. ...,  0.  0.  0.]
 [ 0.  0.  0. ...,  0.  0.  0.]
 [ 0.  0.  0. ...,  0.  0.  0.]]
force_rybohr:   [[ 0.  0.  0. ...,  0.  0.  0.]
 [ 0.  0.  0. ...,  0.  0.  0.]
 [ 0.  0.  0. ...,  0.  0.  0.]
 ..., 
 [ 0.  0.  0. ...,  0.  0.  0.]
 [ 0.  0.  0. ...,  0.  0.  0.]
 [ 0.  0.  0. ...,  0.  0.  0.]]
energy_ev:   [[ 0.  0.  0. ...,  0.  0.  0.]
 [ 0.  0.  0. ...,  0.  0.  0.]
 [ 0.  0.  0. ...,  0.  0.  0.]
 ..., 
 [ 0.  0.  0. ...,  0.  0.  0.]
 [ 0.  0.  0. ...,  0.  0.  0.]
 [ 0.  0.  0. ...,  0.  0.  0.]]
force_evang:   [[ 0.  0.  0. ...,  0.  0.  0.]
 [ 0.  0.  0. ...,  0.  0.  0.]
 [ 0.  0.  0. ...,  0.  0.  0.]
 ..., 
 [ 0.  0.  0. ...,  0.  0.  0.]
 [ 0.  0.  0. ...,  0.  0.  0.]
 [ 0.  0.  0. ...,  0.  0.  0.]]
data_w:   0
data_h:   0

Kpoint
ecutwfc:   None
ecutrho:   None
run:   True
k_min:   3
k_max:   7
k_inc:   2
k_type:   automatic
k_offset:   [1, 1, 1]
smearing:   [0.001, 0.002, 0.005, 0.007, 0.008, 0.01, 0.02, 0.03, 0.04, 0.05]
smearing_pw:   [0.001, 0.002, 0.005, 0.007, 0.008, 0.01, 0.02, 0.03, 0.04, 0.05]
smearing_units:   RY
type:   fcc
size:   2
alat:   4.04
alat_units:   ang
alat_pw:   7.6356
alat_expanded_pw:   15.2712
cp:   [ 1.  1.  1.  0.  0.  0.]
rand_variance:   0.01
rand_seed:   0
energy_ry:   [[ 0.  0.  0. ...,  0.  0.  0.]
 [ 0.  0.  0. ...,  0.  0.  0.]
 [ 0.  0.  0. ...,  0.  0.  0.]
 ..., 
 [ 0.  0.  0. ...,  0.  0.  0.]
 [ 0.  0.  0. ...,  0.  0.  0.]
 [ 0.  0.  0. ...,  0.  0.  0.]]
force_rybohr:   [[ 0.  0.  0. ...,  0.  0.  0.]
 [ 0.  0.  0. ...,  0.  0.  0.]
 [ 0.  0.  0. ...,  0.  0.  0.]
 ..., 
 [ 0.  0.  0. ...,  0.  0.  0.]
 [ 0.  0.  0. ...,  0.  0.  0.]
 [ 0.  0.  0. ...,  0.  0.  0.]]
energy_ev:   [[ 0.  0.  0. ...,  0.  0.  0.]
 [ 0.  0.  0. ...,  0.  0.  0.]
 [ 0.  0.  0. ...,  0.  0.  0.]
 ..., 
 [ 0.  0.  0. ...,  0.  0.  0.]
 [ 0.  0.  0. ...,  0.  0.  0.]
 [ 0.  0.  0. ...,  0.  0.  0.]]
force_evang:   [[ 0.  0.  0. ...,  0.  0.  0.]
 [ 0.  0.  0. ...,  0.  0.  0.]
 [ 0.  0.  0. ...,  0.  0.  0.]
 ..., 
 [ 0.  0.  0. ...,  0.  0.  0.]
 [ 0.  0.  0. ...,  0.  0.  0.]
 [ 0.  0.  0. ...,  0.  0.  0.]]
data_w:   0
data_h:   0

CONVERGE ECUT 
============= 
1. INCREASE ECUTWFC 
econv_threshold: 4.9999999999999996e-06 
fconv_threshold: 5e-05 
Data: 
INC WFC 1    0    25.0      100.0     -39.5017109941   8.6375e-05       None             None             None None
INC WFC 2    0    30.0      120.0     -39.5019071359   8.54375e-05      0.00019614       9.4e-07          25.0 None
INC WFC 3    0    35.0      140.0     -39.5020105591   8.559375e-05     0.00010342       1.6e-07          30.0 None
INC WFC 4    0    40.0      160.0     -39.5020469888   8.56875e-05      3.643e-05        9e-08            35.0 None
INC WFC 5    0    45.0      180.0     -39.5020594256   8.56875e-05      1.244e-05        0.0              40.0 None
INC WFC 6    1    50.0      200.0     -39.5020642488   8.56875e-05      4.82e-06         0.0              45.0 None
INC WFC 7    2    55.0      220.0     -39.5020680169   8.56875e-05      3.77e-06         0.0              50.0 None
Ecutwfc: 50.0 
Ecutrho: 200.0 
2. DECREASE ECUTRHO 
econv_threshold: 4.9999999999999996e-06 
fconv_threshold: 5e-05 
Data: 
DEC RHO 1    2    50.0      200.0     -39.5020642488   8.56875e-05      None             None             50.0 200.0
DEC RHO 2    2    50.0      195.0     -39.5020642022   8.56875e-05      5e-08            0.0              50.0 200.0
DEC RHO 3    2    50.0      190.0     -39.5020641612   8.56875e-05      4e-08            0.0              50.0 195.0
DEC RHO 4    2    50.0      185.0     -39.5020639263   8.56875e-05      2.3e-07          0.0              50.0 190.0
DEC RHO 5    2    50.0      180.0     -39.5020637787   8.56875e-05      1.5e-07          0.0              50.0 185.0
DEC RHO 6    2    50.0      175.0     -39.5020633616   8.56875e-05      4.2e-07          0.0              50.0 180.0
DEC RHO 7    2    50.0      170.0     -39.5020634481   8.571875e-05     9e-08            3e-08            50.0 175.0
DEC RHO 8    2    50.0      165.0     -39.5020630072   8.571875e-05     4.4e-07          0.0              50.0 170.0
DEC RHO 9    2    50.0      160.0     -39.5020629059   8.571875e-05     1e-07            0.0              50.0 165.0
DEC RHO 10   2    50.0      155.0     -39.5020628356   8.571875e-05     7e-08            0.0              50.0 160.0
DEC RHO 11   2    50.0      150.0     -39.5020626216   8.56875e-05      2.1e-07          3e-08            50.0 155.0
DEC RHO 12   2    50.0      145.0     -39.5020625528   8.56875e-05      7e-08            0.0              50.0 150.0
DEC RHO 13   2    50.0      140.0     -39.5020623288   8.56875e-05      2.2e-07          0.0              50.0 145.0
DEC RHO 14   2    50.0      135.0     -39.5020614856   8.56875e-05      8.4e-07          0.0              50.0 140.0
DEC RHO 15   2    50.0      130.0     -39.5020605931   8.56875e-05      8.9e-07          0.0              50.0 135.0
DEC RHO 16   2    50.0      125.0     -39.5020602653   8.571875e-05     3.3e-07          3e-08            50.0 130.0
DEC RHO 17   2    50.0      120.0     -39.5020589184   8.571875e-05     1.35e-06         0.0              50.0 125.0
DEC RHO 18   2    50.0      115.0     -39.5020585984   8.571875e-05     3.2e-07          0.0              50.0 120.0
DEC RHO 19   2    50.0      110.0     -39.5020591938   8.575e-05        6e-07            3e-08            50.0 115.0
DEC RHO 20   2    50.0      105.0     -39.5020593622   8.56875e-05      1.7e-07          6e-08            50.0 110.0
DEC RHO 21   2    50.0      100.0     -39.5020609741   8.56875e-05      1.61e-06         0.0              50.0 105.0
Ecutwfc: 50.0 
Ecutrho: 105.0 
3. DECREASE ECUTWFC 
econv_threshold: 1e-06 
fconv_threshold: 1e-05 
Data: 
DEC WFC 1    2    50.0      105.0     -39.5020593622   8.56875e-05      None             None             50.0 105.0
DEC WFC 2    2    49.0      105.0     -39.5020586588   8.575e-05        7e-07            6e-08            50.0 105.0
DEC WFC 3    2    48.0      105.0     -39.5020578372   8.565625e-05     8.2e-07          9e-08            49.0 105.0
DEC WFC 4    2    47.0      105.0     -39.5020570862   8.55625e-05      7.5e-07          9e-08            48.0 105.0
DEC WFC 5    2    46.0      105.0     -39.5020561262   8.56875e-05      9.6e-07          1.3e-07          47.0 105.0
DEC WFC 6    2    45.0      105.0     -39.5020549928   8.565625e-05     1.13e-06         3e-08            46.0 105.0
DEC WFC 7    2    44.0      105.0     -39.5020535897   8.559375e-05     1.4e-06          6e-08            45.0 105.0
DEC WFC 8    2    43.0      105.0     -39.5020519138   8.559375e-05     1.68e-06         0.0              44.0 105.0
DEC WFC 9    2    42.0      105.0     -39.5020497916   8.559375e-05     2.12e-06         0.0              43.0 105.0
DEC WFC 10   2    41.0      105.0     -39.5020469859   8.5625e-05       2.81e-06         3e-08            42.0 105.0
DEC WFC 11   2    40.0      105.0     -39.5020433891   8.5625e-05       3.6e-06          0.0              41.0 105.0
DEC WFC 12   2    39.0      105.0     -39.5020386816   8.56875e-05      4.71e-06         6e-08            40.0 105.0
DEC WFC 13   2    38.0      105.0     -39.5020328662   8.559375e-05     5.82e-06         9e-08            39.0 105.0
DEC WFC 14   2    37.0      105.0     -39.5020258341   8.559375e-05     7.03e-06         0.0              38.0 105.0
DEC WFC 15   2    36.0      105.0     -39.5020169813   8.553125e-05     8.85e-06         6e-08            37.0 105.0
DEC WFC 16   2    35.0      105.0     -39.5020074947   8.55625e-05      9.49e-06         3e-08            36.0 105.0
DEC WFC 17   2    34.0      105.0     -39.5019962312   8.559375e-05     1.126e-05        3e-08            35.0 105.0
DEC WFC 18   2    33.0      105.0     -39.5019827369   8.553125e-05     1.349e-05        6e-08            34.0 105.0
DEC WFC 19   2    32.0      105.0     -39.5019614225   8.546875e-05     2.131e-05        6e-08            33.0 105.0
DEC WFC 20   2    31.0      105.0     -39.5019363194   8.55e-05         2.51e-05         3e-08            32.0 105.0
DEC WFC 21   2    30.0      105.0     -39.5019074259   8.540625e-05     2.889e-05        9e-08            31.0 105.0
DEC WFC 22   2    29.0      105.0     -39.5018772569   8.55e-05         3.017e-05        9e-08            30.0 105.0
DEC WFC 23   2    28.0      105.0     -39.5018503547   8.6e-05          2.69e-05         5e-07            29.0 105.0
DEC WFC 24   2    27.0      105.0     -39.5018241894   8.6375e-05       2.617e-05        3.7e-07          28.0 105.0
DEC WFC 25   2    26.0      105.0     -39.5017750672   8.65e-05         4.912e-05        1.3e-07          27.0 105.0
DEC WFC 26   2    25.0      105.0     -39.5017094941   8.634375e-05     6.557e-05        1.6e-07          26.0 105.0
Ecutwfc: 26.0 
Ecutrho: 105.0 

CONVERGE ECUT 2D 
================ 
30.0 100.0 -39.5019104153 8.54375e-05
35.0 100.0 -39.5020105241 8.55e-05
40.0 100.0 -39.5020449856 8.565625e-05
45.0 100.0 -39.5020566009 8.56875e-05
50.0 100.0 -39.5020609741 8.56875e-05
55.0 100.0 -39.5020646072 8.565625e-05
60.0 100.0 -39.5020687856 8.571875e-05
65.0 100.0 -39.5020718384 8.56875e-05
70.0 100.0 -39.5020736863 8.5625e-05
75.0 100.0 -39.5020760109 8.565625e-05
80.0 100.0 -39.5020764731 8.559375e-05
30.0 120.0 -39.5019071359 8.54375e-05
35.0 120.0 -39.50200861 8.55e-05
40.0 120.0 -39.5020429887 8.56875e-05
45.0 120.0 -39.5020545609 8.56875e-05
50.0 120.0 -39.5020589184 8.571875e-05
55.0 120.0 -39.5020625544 8.56875e-05
60.0 120.0 -39.5020667506 8.571875e-05
65.0 120.0 -39.5020698303 8.571875e-05
70.0 120.0 -39.5020717066 8.565625e-05
75.0 120.0 -39.5020740497 8.565625e-05
80.0 120.0 -39.5020745097 8.5625e-05
30.0 140.0 -39.5019120216 8.54375e-05
35.0 140.0 -39.5020105591 8.559375e-05
40.0 140.0 -39.5020463963 8.565625e-05
45.0 140.0 -39.5020579697 8.565625e-05
50.0 140.0 -39.5020623288 8.56875e-05
55.0 140.0 -39.5020659684 8.565625e-05
60.0 140.0 -39.5020701666 8.56875e-05
65.0 140.0 -39.5020732475 8.56875e-05
70.0 140.0 -39.5020751237 8.5625e-05
75.0 140.0 -39.5020774694 8.5625e-05
80.0 140.0 -39.5020779406 8.559375e-05
30.0 160.0 -39.5019126459 8.546875e-05
35.0 160.0 -39.5020126262 8.553125e-05
40.0 160.0 -39.5020469888 8.56875e-05
45.0 160.0 -39.5020585525 8.56875e-05
50.0 160.0 -39.5020629059 8.571875e-05
55.0 160.0 -39.5020665406 8.56875e-05
60.0 160.0 -39.5020707319 8.571875e-05
65.0 160.0 -39.5020738059 8.575e-05
70.0 160.0 -39.5020756766 8.565625e-05
75.0 160.0 -39.5020780178 8.56875e-05
80.0 160.0 -39.5020784881 8.5625e-05
30.0 180.0 -39.5019135363 8.546875e-05
35.0 180.0 -39.5020135091 8.55e-05
40.0 180.0 -39.5020478647 8.56875e-05
45.0 180.0 -39.5020594256 8.56875e-05
50.0 180.0 -39.5020637787 8.56875e-05
55.0 180.0 -39.5020674153 8.56875e-05
60.0 180.0 -39.5020716091 8.571875e-05
65.0 180.0 -39.5020746847 8.571875e-05
70.0 180.0 -39.5020765553 8.565625e-05
75.0 180.0 -39.5020788969 8.565625e-05
80.0 180.0 -39.5020793681 8.5625e-05
30.0 200.0 -39.5019140041 8.54375e-05
35.0 200.0 -39.5020139775 8.55e-05
40.0 200.0 -39.5020483337 8.565625e-05
45.0 200.0 -39.5020598953 8.56875e-05
50.0 200.0 -39.5020642488 8.56875e-05
55.0 200.0 -39.5020678863 8.56875e-05
60.0 200.0 -39.5020720809 8.571875e-05
65.0 200.0 -39.5020751572 8.571875e-05
70.0 200.0 -39.5020770284 8.5625e-05
75.0 200.0 -39.5020793709 8.565625e-05
80.0 200.0 -39.5020798425 8.5625e-05
30.0 220.0 -39.5019141391 8.54375e-05
35.0 220.0 -39.5020141109 8.55e-05
40.0 220.0 -39.5020484656 8.565625e-05
45.0 220.0 -39.5020600262 8.565625e-05
50.0 220.0 -39.5020643794 8.56875e-05
55.0 220.0 -39.5020680169 8.56875e-05
60.0 220.0 -39.5020722116 8.571875e-05
65.0 220.0 -39.5020752875 8.571875e-05
70.0 220.0 -39.5020771587 8.5625e-05
75.0 220.0 -39.5020795009 8.565625e-05
80.0 220.0 -39.5020799728 8.5625e-05
30.0 240.0 -39.5019143944 8.54375e-05
35.0 240.0 -39.5020143653 8.55e-05
40.0 240.0 -39.5020487194 8.565625e-05
45.0 240.0 -39.5020602794 8.565625e-05
50.0 240.0 -39.5020646328 8.56875e-05
55.0 240.0 -39.5020682706 8.56875e-05
60.0 240.0 -39.5020724656 8.56875e-05
65.0 240.0 -39.5020755422 8.571875e-05
70.0 240.0 -39.5020774131 8.5625e-05
75.0 240.0 -39.5020797553 8.565625e-05
80.0 240.0 -39.5020802275 8.559375e-05
30.0 260.0 -39.5019145322 8.546875e-05
35.0 260.0 -39.5020145034 8.55e-05
40.0 260.0 -39.5020488578 8.565625e-05
45.0 260.0 -39.5020604181 8.565625e-05
50.0 260.0 -39.5020647719 8.56875e-05
55.0 260.0 -39.50206841 8.56875e-05
60.0 260.0 -39.5020726056 8.571875e-05
65.0 260.0 -39.5020756822 8.571875e-05
70.0 260.0 -39.5020775534 8.5625e-05
75.0 260.0 -39.5020798959 8.565625e-05
80.0 260.0 -39.5020803681 8.5625e-05
30.0 280.0 -39.5019145594 8.546875e-05
35.0 280.0 -39.5020145303 8.55e-05
40.0 280.0 -39.5020488847 8.565625e-05
45.0 280.0 -39.502060445 8.565625e-05
50.0 280.0 -39.5020647984 8.56875e-05
55.0 280.0 -39.5020684369 8.56875e-05
60.0 280.0 -39.5020726325 8.571875e-05
65.0 280.0 -39.5020757091 8.571875e-05
70.0 280.0 -39.5020775806 8.5625e-05
75.0 280.0 -39.5020799228 8.565625e-05
80.0 280.0 -39.502080395 8.5625e-05
30.0 300.0 -39.5019146553 8.546875e-05
35.0 300.0 -39.5020146259 8.55e-05
40.0 300.0 -39.50204898 8.565625e-05
45.0 300.0 -39.5020605403 8.56875e-05
50.0 300.0 -39.5020648938 8.56875e-05
55.0 300.0 -39.5020685322 8.56875e-05
60.0 300.0 -39.5020727281 8.571875e-05
65.0 300.0 -39.5020758047 8.571875e-05
70.0 300.0 -39.5020776759 8.565625e-05
75.0 300.0 -39.5020800184 8.565625e-05
80.0 300.0 -39.5020804906 8.5625e-05
30.0 320.0 -39.50191468 8.546875e-05
35.0 320.0 -39.5020146509 8.55e-05
40.0 320.0 -39.5020504656 8.5625e-05
45.0 320.0 -39.5020620269 8.575e-05
50.0 320.0 -39.5020663797 8.565625e-05
55.0 320.0 -39.5020700181 8.58125e-05
60.0 320.0 -39.502074215 8.559375e-05
65.0 320.0 -39.5020772916 8.56875e-05
70.0 320.0 -39.5020791628 8.5625e-05
75.0 320.0 -39.5020800447 8.565625e-05
80.0 320.0 -39.5020805172 8.5625e-05

