QE CONVERGE 

READ INPUT 
========== 
Input files 
Input:      input.in
Template:   alfcc.in

Ecut 
c_force_units:   RY/BOHR
c_force:   1e-05
c_force_pw:   1e-05
c_energy_units:   ry
c_energy:   1e-06
c_energy_pw:   1e-06
run:   False
wfc_units:   RY
rho_units:   BOHR-3
wfc_min:   25
wfc_max:   100
wfc_inc:   5
wfc_dec:   1
rho_dec:   5
wfc_min_pw:   25.0
wfc_max_pw:   100.0
wfc_inc_pw:   5.0
wfc_dec_pw:   1.0
rho_dec_pw:   5.0
wr_min_ratio:   2.0
kpoints_type:   automatic
kpoints_val:   5 5 5 1 1 1
type:   fcc
size:   1
alat:   4.04
alat_units:   ang
alat_pw:   7.6356
alat_expanded_pw:   7.6356
cp:   [ 1.  1.  1.  0.  0.  0.]
rand_variance:   0.01
rand_seed:   0
data:   [[ 0.  0.  0. ...,  0.  0.  0.]
 [ 0.  0.  0. ...,  0.  0.  0.]
 [ 0.  0.  0. ...,  0.  0.  0.]
 ..., 
 [ 0.  0.  0. ...,  0.  0.  0.]
 [ 0.  0.  0. ...,  0.  0.  0.]
 [ 0.  0.  0. ...,  0.  0.  0.]]
data_relative:   [[ 0.  0.  0. ...,  0.  0.  0.]
 [ 0.  0.  0. ...,  0.  0.  0.]
 [ 0.  0.  0. ...,  0.  0.  0.]
 ..., 
 [ 0.  0.  0. ...,  0.  0.  0.]
 [ 0.  0.  0. ...,  0.  0.  0.]
 [ 0.  0.  0. ...,  0.  0.  0.]]
data_ev:   [[ 0.  0.  0. ...,  0.  0.  0.]
 [ 0.  0.  0. ...,  0.  0.  0.]
 [ 0.  0.  0. ...,  0.  0.  0.]
 ..., 
 [ 0.  0.  0. ...,  0.  0.  0.]
 [ 0.  0.  0. ...,  0.  0.  0.]
 [ 0.  0.  0. ...,  0.  0.  0.]]
data_len:   [0 0 0]
ecutwfc_converged_pw:   None
ecutrho_converged_pw:   None

Ecut 2D 
run:   True
wfc_units:   RY
rho_units:   BOHR-3
wfc_min:   30
wfc_max:   80
wfc_inc:   5
rho_min:   2.0
rho_max:   4.0
rho_inc:   0.25
wfc_min_pw:   30.0
wfc_max_pw:   80.0
wfc_inc_pw:   5.0
rho_min_pw:   2.0
rho_max_pw:   4.0
rho_inc_pw:   0.25
wr_min_ratio:   2.0
energy_ry:   [[ 0.  0.  0. ...,  0.  0.  0.]
 [ 0.  0.  0. ...,  0.  0.  0.]
 [ 0.  0.  0. ...,  0.  0.  0.]
 ..., 
 [ 0.  0.  0. ...,  0.  0.  0.]
 [ 0.  0.  0. ...,  0.  0.  0.]
 [ 0.  0.  0. ...,  0.  0.  0.]]
force_rybohr:   [[ 0.  0.  0. ...,  0.  0.  0.]
 [ 0.  0.  0. ...,  0.  0.  0.]
 [ 0.  0.  0. ...,  0.  0.  0.]
 ..., 
 [ 0.  0.  0. ...,  0.  0.  0.]
 [ 0.  0.  0. ...,  0.  0.  0.]
 [ 0.  0.  0. ...,  0.  0.  0.]]
energy_ev:   [[ 0.  0.  0. ...,  0.  0.  0.]
 [ 0.  0.  0. ...,  0.  0.  0.]
 [ 0.  0.  0. ...,  0.  0.  0.]
 ..., 
 [ 0.  0.  0. ...,  0.  0.  0.]
 [ 0.  0.  0. ...,  0.  0.  0.]
 [ 0.  0.  0. ...,  0.  0.  0.]]
force_evang:   [[ 0.  0.  0. ...,  0.  0.  0.]
 [ 0.  0.  0. ...,  0.  0.  0.]
 [ 0.  0.  0. ...,  0.  0.  0.]
 ..., 
 [ 0.  0.  0. ...,  0.  0.  0.]
 [ 0.  0.  0. ...,  0.  0.  0.]
 [ 0.  0.  0. ...,  0.  0.  0.]]
data_w:   0
data_h:   0

Kpoint
ecutwfc:   None
ecutrho:   None
run:   False
k_min:   2
k_max:   15
k_inc:   1
k_type:   automatic
k_offset:   [1, 1, 1]
smearing:   [0.001, 0.002, 0.005, 0.007, 0.008, 0.01, 0.02, 0.03, 0.04, 0.05]
smearing_pw:   [0.001, 0.002, 0.005, 0.007, 0.008, 0.01, 0.02, 0.03, 0.04, 0.05]
smearing_units:   RY
type:   fcc
size:   1
alat:   4.04
alat_units:   ang
alat_pw:   7.6356
alat_expanded_pw:   7.6356
cp:   [ 1.  1.  1.  0.  0.  0.]
rand_variance:   0.01
rand_seed:   0
energy_ry:   [[ 0.  0.  0. ...,  0.  0.  0.]
 [ 0.  0.  0. ...,  0.  0.  0.]
 [ 0.  0.  0. ...,  0.  0.  0.]
 ..., 
 [ 0.  0.  0. ...,  0.  0.  0.]
 [ 0.  0.  0. ...,  0.  0.  0.]
 [ 0.  0.  0. ...,  0.  0.  0.]]
force_rybohr:   [[ 0.  0.  0. ...,  0.  0.  0.]
 [ 0.  0.  0. ...,  0.  0.  0.]
 [ 0.  0.  0. ...,  0.  0.  0.]
 ..., 
 [ 0.  0.  0. ...,  0.  0.  0.]
 [ 0.  0.  0. ...,  0.  0.  0.]
 [ 0.  0.  0. ...,  0.  0.  0.]]
energy_ev:   [[ 0.  0.  0. ...,  0.  0.  0.]
 [ 0.  0.  0. ...,  0.  0.  0.]
 [ 0.  0.  0. ...,  0.  0.  0.]
 ..., 
 [ 0.  0.  0. ...,  0.  0.  0.]
 [ 0.  0.  0. ...,  0.  0.  0.]
 [ 0.  0.  0. ...,  0.  0.  0.]]
force_evang:   [[ 0.  0.  0. ...,  0.  0.  0.]
 [ 0.  0.  0. ...,  0.  0.  0.]
 [ 0.  0.  0. ...,  0.  0.  0.]
 ..., 
 [ 0.  0.  0. ...,  0.  0.  0.]
 [ 0.  0.  0. ...,  0.  0.  0.]
 [ 0.  0.  0. ...,  0.  0.  0.]]
data_w:   0
data_h:   0

CONVERGE ECUT 
============= 
1. INCREASE ECUTWFC 
econv_threshold: 4.9999999999999996e-06 
fconv_threshold: 5e-05 
Data: 
INC WFC 1    0    25.0      100.0     -39.4996174675   0.00013325       None             None             None None
INC WFC 2    0    30.0      120.0     -39.499817685    0.000131         0.00020022       2.25e-06         25.0 None
INC WFC 3    0    35.0      140.0     -39.4999224475   0.0001315        0.00010476       5e-07            30.0 None
INC WFC 4    0    40.0      160.0     -39.49995978     0.0001315        3.733e-05        0.0              35.0 None
INC WFC 5    0    45.0      180.0     -39.4999722      0.000132         1.242e-05        5e-07            40.0 None
INC WFC 6    1    50.0      200.0     -39.499976975    0.00013175       4.78e-06         2.5e-07          45.0 None
INC WFC 7    2    55.0      220.0     -39.4999807175   0.00013175       3.74e-06         0.0              50.0 None
Ecutwfc: 50.0 
Ecutrho: 200.0 
2. DECREASE ECUTRHO 
econv_threshold: 4.9999999999999996e-06 
fconv_threshold: 5e-05 
Data: 
DEC RHO 1    2    50.0      200.0     -39.499976975    0.00013175       None             None             50.0 200.0
DEC RHO 2    2    50.0      195.0     -39.4999769275   0.00013175       5e-08            0.0              50.0 200.0
DEC RHO 3    2    50.0      190.0     -39.4999768875   0.00013175       4e-08            0.0              50.0 195.0
DEC RHO 4    2    50.0      185.0     -39.4999766525   0.00013175       2.3e-07          0.0              50.0 190.0
DEC RHO 5    2    50.0      180.0     -39.4999765075   0.00013175       1.5e-07          0.0              50.0 185.0
DEC RHO 6    2    50.0      175.0     -39.49997609     0.00013175       4.2e-07          0.0              50.0 180.0
DEC RHO 7    2    50.0      170.0     -39.4999761725   0.00013175       8e-08            0.0              50.0 175.0
DEC RHO 8    2    50.0      165.0     -39.499975735    0.00013175       4.4e-07          0.0              50.0 170.0
DEC RHO 9    2    50.0      160.0     -39.49997563     0.00013175       1e-07            0.0              50.0 165.0
DEC RHO 10   2    50.0      155.0     -39.49997556     0.00013175       7e-08            0.0              50.0 160.0
DEC RHO 11   2    50.0      150.0     -39.499975345    0.00013175       2.2e-07          0.0              50.0 155.0
DEC RHO 12   2    50.0      145.0     -39.499975275    0.00013175       7e-08            0.0              50.0 150.0
DEC RHO 13   2    50.0      140.0     -39.499975055    0.00013175       2.2e-07          0.0              50.0 145.0
DEC RHO 14   2    50.0      135.0     -39.49997421     0.00013175       8.5e-07          0.0              50.0 140.0
DEC RHO 15   2    50.0      130.0     -39.4999734825   0.00013175       7.3e-07          0.0              50.0 135.0
DEC RHO 16   2    50.0      125.0     -39.4999731425   0.00013175       3.4e-07          0.0              50.0 130.0
DEC RHO 17   2    50.0      120.0     -39.49997164     0.00013175       1.5e-06          0.0              50.0 125.0
DEC RHO 18   2    50.0      115.0     -39.4999713125   0.00013175       3.3e-07          0.0              50.0 120.0
DEC RHO 19   2    50.0      110.0     -39.4999719025   0.000132         5.9e-07          2.5e-07          50.0 115.0
DEC RHO 20   2    50.0      105.0     -39.4999720675   0.000132         1.7e-07          0.0              50.0 110.0
DEC RHO 21   2    50.0      100.0     -39.4999736775   0.000132         1.61e-06         0.0              50.0 105.0
Ecutwfc: 50.0 
Ecutrho: 105.0 
3. DECREASE ECUTWFC 
econv_threshold: 1e-06 
fconv_threshold: 1e-05 
Data: 
DEC WFC 1    2    50.0      105.0     -39.4999720675   0.000132         None             None             50.0 105.0
DEC WFC 2    2    49.0      105.0     -39.4999713125   0.000132         7.6e-07          0.0              50.0 105.0
DEC WFC 3    2    48.0      105.0     -39.4999705675   0.000132         7.5e-07          0.0              49.0 105.0
DEC WFC 4    2    47.0      105.0     -39.499969755    0.00013175       8.1e-07          2.5e-07          48.0 105.0
DEC WFC 5    2    46.0      105.0     -39.49996879     0.00013175       9.7e-07          0.0              47.0 105.0
DEC WFC 6    2    45.0      105.0     -39.4999677475   0.000132         1.04e-06         2.5e-07          46.0 105.0
DEC WFC 7    2    44.0      105.0     -39.4999663225   0.00013175       1.43e-06         2.5e-07          45.0 105.0
DEC WFC 8    2    43.0      105.0     -39.499964645    0.00013175       1.68e-06         0.0              44.0 105.0
DEC WFC 9    2    42.0      105.0     -39.4999625075   0.0001315        2.14e-06         2.5e-07          43.0 105.0
DEC WFC 10   2    41.0      105.0     -39.4999597275   0.0001315        2.78e-06         0.0              42.0 105.0
DEC WFC 11   2    40.0      105.0     -39.4999561625   0.00013175       3.57e-06         2.5e-07          41.0 105.0
DEC WFC 12   2    39.0      105.0     -39.49995135     0.000132         4.81e-06         2.5e-07          40.0 105.0
DEC WFC 13   2    38.0      105.0     -39.4999455      0.00013175       5.85e-06         2.5e-07          39.0 105.0
DEC WFC 14   2    37.0      105.0     -39.4999384525   0.0001315        7.05e-06         2.5e-07          38.0 105.0
DEC WFC 15   2    36.0      105.0     -39.49992972     0.00013175       8.73e-06         2.5e-07          37.0 105.0
DEC WFC 16   2    35.0      105.0     -39.499919365    0.00013175       1.036e-05        0.0              36.0 105.0
DEC WFC 17   2    34.0      105.0     -39.4999079175   0.0001315        1.145e-05        2.5e-07          35.0 105.0
DEC WFC 18   2    33.0      105.0     -39.4998937375   0.00013175       1.418e-05        2.5e-07          34.0 105.0
DEC WFC 19   2    32.0      105.0     -39.499872235    0.0001315        2.15e-05         2.5e-07          33.0 105.0
DEC WFC 20   2    31.0      105.0     -39.49984694     0.0001315        2.53e-05         0.0              32.0 105.0
DEC WFC 21   2    30.0      105.0     -39.49981796     0.00013125       2.898e-05        2.5e-07          31.0 105.0
DEC WFC 22   2    29.0      105.0     -39.499787745    0.00013125       3.022e-05        0.0              30.0 105.0
DEC WFC 23   2    28.0      105.0     -39.499761575    0.000132         2.617e-05        7.5e-07          29.0 105.0
DEC WFC 24   2    27.0      105.0     -39.49973454     0.0001325        2.704e-05        5e-07            28.0 105.0
DEC WFC 25   2    26.0      105.0     -39.4996837225   0.00013275       5.082e-05        2.5e-07          27.0 105.0
DEC WFC 26   2    25.0      105.0     -39.4996159725   0.00013325       6.775e-05        5e-07            26.0 105.0
Ecutwfc: 26.0 
Ecutrho: 105.0 

CONVERGE ECUT 2D 
================ 

CONVERGE KPOINTS 
================ 
2 2 2 1 1 1 0.001 -39.48564116 0.0002775
2 2 2 1 1 1 0.002 -39.485824565 0.0002635
2 2 2 1 1 1 0.005 -39.486374785 0.0002135
2 2 2 1 1 1 0.007 -39.48674163 0.000216
2 2 2 1 1 1 0.008 -39.4869250075 0.00020275
2 2 2 1 1 1 0.01 -39.4872919175 0.0001805
2 2 2 1 1 1 0.02 -39.4891263575 0.00015475
2 2 2 1 1 1 0.03 -39.4909608525 0.00015
2 2 2 1 1 1 0.04 -39.492795345 0.0001505
2 2 2 1 1 1 0.05 -39.494629895 0.000154
3 3 3 1 1 1 0.001 -39.510657065 0.000433
3 3 3 1 1 1 0.002 -39.51069263 0.00031375
3 3 3 1 1 1 0.005 -39.5108001 0.00021575
3 3 3 1 1 1 0.007 -39.510871885 0.00019475
3 3 3 1 1 1 0.008 -39.510907815 0.00019425
3 3 3 1 1 1 0.01 -39.5109796925 0.0001955
3 3 3 1 1 1 0.02 -39.511339265 0.000207
3 3 3 1 1 1 0.03 -39.5117004225 0.00021425
3 3 3 1 1 1 0.04 -39.5120157675 0.00023175
3 3 3 1 1 1 0.05 -39.511596195 0.000215
4 4 4 1 1 1 0.001 -39.49812253 0.000245
4 4 4 1 1 1 0.002 -39.4981838825 0.00018475
4 4 4 1 1 1 0.005 -39.4983682475 0.000162
4 4 4 1 1 1 0.007 -39.498491225 0.00016125
4 4 4 1 1 1 0.008 -39.498552795 0.000163
4 4 4 1 1 1 0.01 -39.4986766375 0.00016675
4 4 4 1 1 1 0.02 -39.4993601075 0.0001735
4 4 4 1 1 1 0.03 -39.5001388675 0.00017675
4 4 4 1 1 1 0.04 -39.5007131475 0.0001825
4 4 4 1 1 1 0.05 -39.500898945 0.00018525
5 5 5 1 1 1 0.001 -39.499129515 0.00031025
5 5 5 1 1 1 0.002 -39.4991553175 0.000204
5 5 5 1 1 1 0.005 -39.499235425 0.000128
5 5 5 1 1 1 0.007 -39.49929843 0.00010225
5 5 5 1 1 1 0.008 -39.499333525 9.85e-05
5 5 5 1 1 1 0.01 -39.49940608 0.00010025
5 5 5 1 1 1 0.02 -39.4996837225 0.00013275
5 5 5 1 1 1 0.03 -39.4999496025 0.0001435
5 5 5 1 1 1 0.04 -39.5003604975 0.0001505
5 5 5 1 1 1 0.05 -39.5008579625 0.0001565
6 6 6 1 1 1 0.001 -39.5017218425 0.00015575
6 6 6 1 1 1 0.002 -39.50174034 0.000159
6 6 6 1 1 1 0.005 -39.5017960575 0.00017
6 6 6 1 1 1 0.007 -39.5018297225 0.00017525
6 6 6 1 1 1 0.008 -39.50184172 0.00017775
6 6 6 1 1 1 0.01 -39.5018500925 0.000182
6 6 6 1 1 1 0.02 -39.501776975 0.00017975
6 6 6 1 1 1 0.03 -39.5017307425 0.000175
6 6 6 1 1 1 0.04 -39.5016790075 0.00017125
6 6 6 1 1 1 0.05 -39.501703375 0.00016875
7 7 7 1 1 1 0.001 -39.5012380175 8.9e-05
7 7 7 1 1 1 0.002 -39.5012442875 5.6e-05
7 7 7 1 1 1 0.005 -39.50128859 0.00011
7 7 7 1 1 1 0.007 -39.5013119825 0.000131
7 7 7 1 1 1 0.008 -39.501318755 0.0001355
7 7 7 1 1 1 0.01 -39.50133221 0.00013975
7 7 7 1 1 1 0.02 -39.50136362 0.00015325
7 7 7 1 1 1 0.03 -39.5014223625 0.00015375
7 7 7 1 1 1 0.04 -39.501610905 0.0001575
7 7 7 1 1 1 0.05 -39.5018369025 0.00016125
8 8 8 1 1 1 0.001 -39.502684905 0.00016275
8 8 8 1 1 1 0.002 -39.502690805 0.00016275
8 8 8 1 1 1 0.005 -39.502689465 0.0001615
8 8 8 1 1 1 0.007 -39.5026814425 0.00015875
8 8 8 1 1 1 0.008 -39.502680815 0.00015825
8 8 8 1 1 1 0.01 -39.5026836775 0.00015825
8 8 8 1 1 1 0.02 -39.50269172 0.0001615
8 8 8 1 1 1 0.03 -39.5026492275 0.00016425
8 8 8 1 1 1 0.04 -39.5025622 0.0001645
8 8 8 1 1 1 0.05 -39.5024827025 0.00016375
9 9 9 1 1 1 0.001 -39.50221438 0.0001025
9 9 9 1 1 1 0.002 -39.50222492 0.00011225
9 9 9 1 1 1 0.005 -39.5022661625 0.00013875
9 9 9 1 1 1 0.007 -39.5022974575 0.00014675
9 9 9 1 1 1 0.008 -39.502313665 0.0001495
9 9 9 1 1 1 0.01 -39.5023450325 0.00015375
9 9 9 1 1 1 0.02 -39.50242798 0.00016125
9 9 9 1 1 1 0.03 -39.5024355175 0.00016325
9 9 9 1 1 1 0.04 -39.5024375525 0.00016325
9 9 9 1 1 1 0.05 -39.502459205 0.000163
10 10 10 1 1 1 0.001 -39.5025687325 0.000161
10 10 10 1 1 1 0.002 -39.50257189 0.000163
10 10 10 1 1 1 0.005 -39.502588415 0.00016425
10 10 10 1 1 1 0.007 -39.502600805 0.00016475
10 10 10 1 1 1 0.008 -39.502606015 0.000165
10 10 10 1 1 1 0.01 -39.5026138025 0.00016425
10 10 10 1 1 1 0.02 -39.5026688 0.00016275
10 10 10 1 1 1 0.03 -39.5026932925 0.000163
10 10 10 1 1 1 0.04 -39.5026411425 0.0001635
10 10 10 1 1 1 0.05 -39.50258542 0.00016325
11 11 11 1 1 1 0.001 -39.5027388375 0.00017425
11 11 11 1 1 1 0.002 -39.5027403775 0.00017425
11 11 11 1 1 1 0.005 -39.5027391225 0.00017375
11 11 11 1 1 1 0.007 -39.5027312025 0.0001745
11 11 11 1 1 1 0.008 -39.5027243325 0.000175
11 11 11 1 1 1 0.01 -39.502709515 0.00017625
11 11 11 1 1 1 0.02 -39.50263612 0.00016775
11 11 11 1 1 1 0.03 -39.5025929025 0.000165
11 11 11 1 1 1 0.04 -39.5025556975 0.00016425
11 11 11 1 1 1 0.05 -39.5025377475 0.00016325
12 12 12 1 1 1 0.001 -39.5023058475 0.000165
12 12 12 1 1 1 0.002 -39.5023074775 0.00016575
12 12 12 1 1 1 0.005 -39.502296985 0.000163
12 12 12 1 1 1 0.007 -39.5022850175 0.0001625
12 12 12 1 1 1 0.008 -39.502281455 0.000162
12 12 12 1 1 1 0.01 -39.50228114 0.000161
12 12 12 1 1 1 0.02 -39.5023721 0.00016075
12 12 12 1 1 1 0.03 -39.50246409 0.000163
12 12 12 1 1 1 0.04 -39.50249689 0.00016375
12 12 12 1 1 1 0.05 -39.5025096375 0.00016325
13 13 13 1 1 1 0.001 -39.5024272875 0.000115
13 13 13 1 1 1 0.002 -39.5024269525 0.000143
13 13 13 1 1 1 0.005 -39.502423735 0.000159
13 13 13 1 1 1 0.007 -39.50242221 0.00015975
13 13 13 1 1 1 0.008 -39.50242216 0.00015975
13 13 13 1 1 1 0.01 -39.5024231575 0.00016025
13 13 13 1 1 1 0.02 -39.502437225 0.00016575
13 13 13 1 1 1 0.03 -39.5024513125 0.00016525
13 13 13 1 1 1 0.04 -39.5024625225 0.000164
13 13 13 1 1 1 0.05 -39.50248381 0.00016325
14 14 14 1 1 1 0.001 -39.5022409 0.0001615
14 14 14 1 1 1 0.002 -39.5022428825 0.000162
14 14 14 1 1 1 0.005 -39.50224314 0.00016075
14 14 14 1 1 1 0.007 -39.5022378175 0.00016125
14 14 14 1 1 1 0.008 -39.5022346575 0.00016125
14 14 14 1 1 1 0.01 -39.5022311025 0.0001615
14 14 14 1 1 1 0.02 -39.5022815925 0.0001625
14 14 14 1 1 1 0.03 -39.5023638375 0.00016375
14 14 14 1 1 1 0.04 -39.50242607 0.0001635
14 14 14 1 1 1 0.05 -39.5024701075 0.000163
15 15 15 1 1 1 0.001 -39.502331285 0.00017225
15 15 15 1 1 1 0.002 -39.5023299 0.00017075
15 15 15 1 1 1 0.005 -39.502327865 0.00017
15 15 15 1 1 1 0.007 -39.5023281675 0.000168
15 15 15 1 1 1 0.008 -39.5023292775 0.00016725
15 15 15 1 1 1 0.01 -39.5023328175 0.000167
15 15 15 1 1 1 0.02 -39.5023545225 0.000165
15 15 15 1 1 1 0.03 -39.5023908775 0.000164
15 15 15 1 1 1 0.04 -39.5024300325 0.0001635
15 15 15 1 1 1 0.05 -39.502468635 0.000163


Calculations complete.

CPU min:     1.19
CPU max:     58.61
CPU total:   4210.250000000001

Wall min:    1.24
Wall max:    64.27
Wall total:  4562.27

Time:  207.9709827899933
